#
# A fatal error has been detected by the Java Runtime Environment:
#
#  EXCEPTION_ACCESS_VIOLATION (0xc0000005) at pc=0x00007ff9d913d46f, pid=15048, tid=7660
#
# JRE version: OpenJDK Runtime Environment Temurin-11.0.15+10 (11.0.15+10) (build 11.0.15+10)
# Java VM: OpenJDK 64-Bit Server VM Temurin-11.0.15+10 (11.0.15+10, mixed mode, tiered, compressed oops, g1 gc, windows-amd64)
# Problematic frame:
# V  [jvm.dll+0x4cd46f]
#
# No core dump will be written. Minidumps are not enabled by default on client versions of Windows
#
# If you would like to submit a bug report, please visit:
#   https://github.com/adoptium/adoptium-support/issues
#

---------------  S U M M A R Y ------------

Command Line: -agentlib:jdwp=transport=dt_socket,suspend=y,address=localhost:56976 -javaagent:C:\Users\BASAVARAJ\Downloads\sts-4.14.1.RELEASE\configuration\org.eclipse.osgi\265\0\.cp\lib\javaagent-shaded.jar -Dfile.encoding=Cp1252 com.myecommerce.client.ProductMain

Host: Intel(R) Core(TM) i5-7200U CPU @ 2.50GHz, 4 cores, 7G,  Windows 10 , 64 bit Build 19041 (10.0.19041.1706)
Time: Sat May 21 15:43:00 2022 India Standard Time elapsed time: 1896.551911 seconds (0d 0h 31m 36s)

---------------  T H R E A D  ---------------

Current thread (0x000002577e974000):  VMThread "VM Thread" [stack: 0x000000cf97700000,0x000000cf97800000] [id=7660] _threads_hazard_ptr=0x000002577f550f00

Stack: [0x000000cf97700000,0x000000cf97800000],  sp=0x000000cf977fe150,  free space=1016k
Native frames: (J=compiled Java code, j=interpreted, Vv=VM code, C=native code)
V  [jvm.dll+0x4cd46f]
V  [jvm.dll+0x4cb65f]
V  [jvm.dll+0x7ae2ac]
V  [jvm.dll+0x7b23e7]
V  [jvm.dll+0x7b2c59]
V  [jvm.dll+0x7b2fe7]
V  [jvm.dll+0x7668b4]
V  [jvm.dll+0x61d586]
C  [ucrtbase.dll+0x21bb2]
C  [KERNEL32.DLL+0x17034]
C  [ntdll.dll+0x52651]


siginfo: EXCEPTION_ACCESS_VIOLATION (0xc0000005), reading address 0x00000257caa5a210


Register to memory mapping:

RIP=0x00007ff9d913d46f jvm.dll
RAX=0x00000257caa5a208 is an unknown value
RBX=0x000002577e972380 points into unknown readable memory: 0x0000001e00000001 | 01 00 00 00 1e 00 00 00
RCX=0x0 is NULL
RDX=0x000000cf977fe198 points into unknown readable memory: 0x000002577fa5a270 | 70 a2 a5 7f 57 02 00 00
RSP=0x000000cf977fe150 points into unknown readable memory: 0x000002577e974000 | 00 40 97 7e 57 02 00 00
RBP={method} {0x000002577fa5a278} 
[error occurred during error reporting (printing register info), id 0xc0000005, EXCEPTION_ACCESS_VIOLATION (0xc0000005) at pc=0x00007ff9d924300a]

Registers:
RAX=0x00000257caa5a208, RBX=0x000002577e972380, RCX=0x0000000000000000, RDX=0x000000cf977fe198
RSP=0x000000cf977fe150, RBP=0x000002577fa5a270, RSI=0x000002577e931ae0, RDI=0x000002577f5d5c60
R8 =0x000002577e934960, R9 =0x000002575e29d000, R10=0x000000cf977fe200, R11=0x000000cf977fcdf0
R12=0x0000025700012a50, R13=0x000002577e971c78, R14=0x0000000000000000, R15=0x0000000000000001
RIP=0x00007ff9d913d46f, EFLAGS=0x0000000000010297

Top of Stack: (sp=0x000000cf977fe150)
0x000000cf977fe150:   000002577e974000 000000000000015c
0x000000cf977fe160:   000002575e288080 00007ff9d8d32994
0x000000cf977fe170:   0000025700000000 000002577e907fa0
0x000000cf977fe180:   00000000000003d8 000002577e907fb0
0x000000cf977fe190:   000002577e908388 000002577fa5a270
0x000000cf977fe1a0:   000002577e974000 000002577e971c78
0x000000cf977fe1b0:   000002577e934860 000000cf981ff000
0x000000cf977fe1c0:   000002577e974000 000002577e934960
0x000000cf977fe1d0:   000002577e9319f0 000002577e931a00
0x000000cf977fe1e0:   000002577e931ad8 00000000000000d8
0x000000cf977fe1f0:   000000cf977ff6d0 0000000000000002
0x000000cf977fe200:   00000000000003d8 000000cf981feba0
0x000000cf977fe210:   000002577e907fa0 000000cf981feba0
0x000000cf977fe220:   000000cf980ff470 000000cf980ff470
0x000000cf977fe230:   0000025768218e10 000000cf00000000
0x000000cf977fe240:   000000cf971ff5d0 000000cf971ff588 

Instructions: (pc=0x00007ff9d913d46f)
0x00007ff9d913d36f:   45 33 f6 48 85 ff 0f 84 5c 01 00 00 48 8b 07 48
0x00007ff9d913d37f:   8b cf ff 50 38 48 89 44 24 48 48 8b e8 48 c7 44
0x00007ff9d913d38f:   24 50 00 00 00 00 48 85 c0 0f 84 c8 00 00 00 49
0x00007ff9d913d39f:   8b 4d 00 48 89 4c 24 50 48 8b 99 88 02 00 00 8b
0x00007ff9d913d3af:   4b 04 8b 13 3b d1 0f 85 9b 00 00 00 8b c1 85 c9
0x00007ff9d913d3bf:   75 0e b9 01 00 00 00 c7 43 04 01 00 00 00 8b c1
0x00007ff9d913d3cf:   3b d1 7c 09 03 c0 3b d0 7d fa 89 43 04 ba 08 00
0x00007ff9d913d3df:   00 00 48 8b cb e8 a7 41 e7 ff 33 c9 48 8b f0 39
0x00007ff9d913d3ef:   0b 7e 26 45 33 c9 66 66 66 0f 1f 84 00 00 00 00
0x00007ff9d913d3ff:   00 48 8b 53 18 4d 8d 49 08 ff c1 4d 8b 44 11 f8
0x00007ff9d913d40f:   4d 89 44 01 f8 3b 0b 7c e8 3b 4b 04 7d 1b 0f 1f
0x00007ff9d913d41f:   00 48 63 c1 48 8d 14 c6 48 85 d2 74 05 33 c0 48
0x00007ff9d913d42f:   89 02 ff c1 3b 4b 04 7c e8 48 83 7b 08 01 75 11
0x00007ff9d913d43f:   48 8b 53 18 48 85 d2 74 08 48 8b cb e8 90 39 d1
0x00007ff9d913d44f:   ff 48 89 73 18 eb 04 48 8b 73 18 48 63 0b 8d 41
0x00007ff9d913d45f:   01 89 03 48 89 2c ce 48 8b 45 08 48 8d 54 24 48
0x00007ff9d913d46f:   48 8b 48 08 48 8b 49 18 e8 e4 6c e9 ff 48 8d 4c
0x00007ff9d913d47f:   24 48 48 8b d8 e8 27 48 e7 ff 49 89 1c 24 48 8b
0x00007ff9d913d48f:   cf 48 8b 07 ff 50 38 8b 48 20 c1 e9 08 f6 c1 01
0x00007ff9d913d49f:   74 07 b8 ff ff ff ff eb 09 48 8b 07 48 8b cf ff
0x00007ff9d913d4af:   50 40 48 98 48 8b cf 49 89 44 24 08 e8 c0 37 2d
0x00007ff9d913d4bf:   00 ff 44 24 20 49 ff c6 49 83 c4 10 48 8b f8 4d
0x00007ff9d913d4cf:   3b f7 0f 8c 9b fe ff ff 4c 8b 6c 24 60 48 8d 4c
0x00007ff9d913d4df:   24 70 e8 5a 47 e7 ff 48 8b 5c 24 28 48 83 3b 00
0x00007ff9d913d4ef:   74 15 48 8b 54 24 30 49 8b cd e8 82 59 bf ff 48
0x00007ff9d913d4ff:   8b cb e8 ea 58 bf ff 48 8b 44 24 38 49 89 45 18
0x00007ff9d913d50f:   48 8b 44 24 40 49 89 45 20 49 89 5d 10 eb 08 85
0x00007ff9d913d51f:   f6 0f 85 14 fe ff ff 8b 44 24 20 48 8b 4c 24 68
0x00007ff9d913d52f:   89 01 33 c0 48 8b 8c 24 e0 12 00 00 48 33 cc e8
0x00007ff9d913d53f:   4d 0a 31 00 4c 8d 9c 24 f0 12 00 00 49 8b 5b 30
0x00007ff9d913d54f:   49 8b 6b 40 49 8b 73 48 49 8b e3 41 5f 41 5e 41
0x00007ff9d913d55f:   5d 41 5c 5f c3 cc cc cc cc cc cc cc cc cc cc cc 


Stack slot to memory mapping:
stack at sp + 0 slots: 0x000002577e974000 points into unknown readable memory: 0x00007ff9d95aa628 | 28 a6 5a d9 f9 7f 00 00
stack at sp + 1 slots: 0x000000000000015c is an unknown value
stack at sp + 2 slots: 0x000002575e288080 points into unknown readable memory: 0x0000025700206160 | 60 61 20 00 57 02 00 00
stack at sp + 3 slots: 0x00007ff9d8d32994 jvm.dll
stack at sp + 4 slots: 0x0000025700000000 points into unknown readable memory: 0x0000000000000000 | 00 00 00 00 00 00 00 00
stack at sp + 5 slots: 0x000002577e907fa0 points into unknown readable memory: 0x000002577f5d5c50 | 50 5c 5d 7f 57 02 00 00
stack at sp + 6 slots: 0x00000000000003d8 is an unknown value
stack at sp + 7 slots: 0x000002577e907fb0 points into unknown readable memory: 0x00007ff9d9568d30 | 30 8d 56 d9 f9 7f 00 00

VM_Operation (0x000000cf981fee50): GetStackTrace, mode: safepoint, requested by thread 0x0000025700055000


---------------  P R O C E S S  ---------------

Threads class SMR info:
_java_thread_list=0x000002577f550f00, length=13, elements={
0x000002575e29d000, 0x000002577e987800, 0x000002577e991800, 0x000002577e984800,
0x000002577e996000, 0x000002577e997800, 0x000002577e99b800, 0x000002577f34f800,
0x000002577f353000, 0x000002577f456000, 0x0000025700055000, 0x000002577f590000,
0x000002577f591000
}

Java Threads: ( => current thread )
  0x000002575e29d000 JavaThread "main" [_thread_blocked, id=17716, stack(0x000000cf97100000,0x000000cf97200000)]
  0x000002577e987800 JavaThread "Reference Handler" daemon [_thread_blocked, id=12596, stack(0x000000cf97800000,0x000000cf97900000)]
  0x000002577e991800 JavaThread "Finalizer" daemon [_thread_blocked, id=7048, stack(0x000000cf97900000,0x000000cf97a00000)]
  0x000002577e984800 JavaThread "Signal Dispatcher" daemon [_thread_blocked, id=640, stack(0x000000cf97a00000,0x000000cf97b00000)]
  0x000002577e996000 JavaThread "Attach Listener" daemon [_thread_blocked, id=13140, stack(0x000000cf97b00000,0x000000cf97c00000)]
  0x000002577e997800 JavaThread "Service Thread" daemon [_thread_blocked, id=16904, stack(0x000000cf97c00000,0x000000cf97d00000)]
  0x000002577e99b800 JavaThread "C2 CompilerThread0" daemon [_thread_blocked, id=18564, stack(0x000000cf97d00000,0x000000cf97e00000)]
  0x000002577f34f800 JavaThread "C1 CompilerThread0" daemon [_thread_blocked, id=3616, stack(0x000000cf97e00000,0x000000cf97f00000)]
  0x000002577f353000 JavaThread "Sweeper thread" daemon [_thread_blocked, id=15568, stack(0x000000cf97f00000,0x000000cf98000000)]
  0x000002577f456000 JavaThread "Common-Cleaner" daemon [_thread_blocked, id=16832, stack(0x000000cf98000000,0x000000cf98100000)]
  0x0000025700055000 JavaThread "JDWP Transport Listener: dt_socket" daemon [_thread_blocked, id=14440, stack(0x000000cf98100000,0x000000cf98200000)] _threads_hazard_ptr=0x000002577f550f00
  0x000002577f590000 JavaThread "JDWP Event Helper Thread" daemon [_thread_blocked, id=2116, stack(0x000000cf98200000,0x000000cf98300000)]
  0x000002577f591000 JavaThread "JDWP Command Reader" daemon [_thread_in_native, id=18624, stack(0x000000cf98300000,0x000000cf98400000)]

Other Threads:
=>0x000002577e974000 VMThread "VM Thread" [stack: 0x000000cf97700000,0x000000cf97800000] [id=7660]
  0x000002577f5b5000 WatcherThread [stack: 0x000000cf98500000,0x000000cf98600000] [id=21348]
  0x000002575e2b7000 GCTaskThread "GC Thread#0" [stack: 0x000000cf97200000,0x000000cf97300000] [id=21204]
  0x000002575e2e6000 ConcurrentGCThread "G1 Main Marker" [stack: 0x000000cf97300000,0x000000cf97400000] [id=12348]
  0x000002575e2e9000 ConcurrentGCThread "G1 Conc#0" [stack: 0x000000cf97400000,0x000000cf97500000] [id=20916]
  0x000002577e7c0800 ConcurrentGCThread "G1 Refine#0" [stack: 0x000000cf97500000,0x000000cf97600000] [id=20628]
  0x000002575e369000 ConcurrentGCThread "G1 Young RemSet Sampling" [stack: 0x000000cf97600000,0x000000cf97700000] [id=5476]

Threads with active compile tasks:

VM state:at safepoint (normal execution)

VM Mutex/Monitor currently owned by a thread:  ([mutex/lock_event])
[0x000002575e2996a0] Threads_lock - owner thread: 0x000002577e974000

Heap address: 0x0000000081800000, size: 2024 MB, Compressed Oops mode: 32-bit
Narrow klass base: 0x0000000000000000, Narrow klass shift: 3
Compressed class space size: 1073741824 Address: 0x0000000100000000

Heap:
 garbage-first heap   total 131072K, used 6144K [0x0000000081800000, 0x0000000100000000)
  region size 1024K, 7 young (7168K), 0 survivors (0K)
 Metaspace       used 9662K, capacity 9790K, committed 9856K, reserved 1058816K
  class space    used 836K, capacity 874K, committed 896K, reserved 1048576K
Heap Regions: E=young(eden), S=young(survivor), O=old, HS=humongous(starts), HC=humongous(continues), CS=collection set, F=free, A=archive, TAMS=top-at-mark-start (previous, next)
|   0|0x0000000081800000, 0x0000000081800000, 0x0000000081900000|  0%| F|  |TAMS 0x0000000081800000, 0x0000000081800000| Untracked 
|   1|0x0000000081900000, 0x0000000081900000, 0x0000000081a00000|  0%| F|  |TAMS 0x0000000081900000, 0x0000000081900000| Untracked 
|   2|0x0000000081a00000, 0x0000000081a00000, 0x0000000081b00000|  0%| F|  |TAMS 0x0000000081a00000, 0x0000000081a00000| Untracked 
|   3|0x0000000081b00000, 0x0000000081b00000, 0x0000000081c00000|  0%| F|  |TAMS 0x0000000081b00000, 0x0000000081b00000| Untracked 
|   4|0x0000000081c00000, 0x0000000081c00000, 0x0000000081d00000|  0%| F|  |TAMS 0x0000000081c00000, 0x0000000081c00000| Untracked 
|   5|0x0000000081d00000, 0x0000000081d00000, 0x0000000081e00000|  0%| F|  |TAMS 0x0000000081d00000, 0x0000000081d00000| Untracked 
|   6|0x0000000081e00000, 0x0000000081e00000, 0x0000000081f00000|  0%| F|  |TAMS 0x0000000081e00000, 0x0000000081e00000| Untracked 
|   7|0x0000000081f00000, 0x0000000081f00000, 0x0000000082000000|  0%| F|  |TAMS 0x0000000081f00000, 0x0000000081f00000| Untracked 
|   8|0x0000000082000000, 0x0000000082000000, 0x0000000082100000|  0%| F|  |TAMS 0x0000000082000000, 0x0000000082000000| Untracked 
|   9|0x0000000082100000, 0x0000000082100000, 0x0000000082200000|  0%| F|  |TAMS 0x0000000082100000, 0x0000000082100000| Untracked 
|  10|0x0000000082200000, 0x0000000082200000, 0x0000000082300000|  0%| F|  |TAMS 0x0000000082200000, 0x0000000082200000| Untracked 
|  11|0x0000000082300000, 0x0000000082300000, 0x0000000082400000|  0%| F|  |TAMS 0x0000000082300000, 0x0000000082300000| Untracked 
|  12|0x0000000082400000, 0x0000000082400000, 0x0000000082500000|  0%| F|  |TAMS 0x0000000082400000, 0x0000000082400000| Untracked 
|  13|0x0000000082500000, 0x0000000082500000, 0x0000000082600000|  0%| F|  |TAMS 0x0000000082500000, 0x0000000082500000| Untracked 
|  14|0x0000000082600000, 0x0000000082600000, 0x0000000082700000|  0%| F|  |TAMS 0x0000000082600000, 0x0000000082600000| Untracked 
|  15|0x0000000082700000, 0x0000000082700000, 0x0000000082800000|  0%| F|  |TAMS 0x0000000082700000, 0x0000000082700000| Untracked 
|  16|0x0000000082800000, 0x0000000082800000, 0x0000000082900000|  0%| F|  |TAMS 0x0000000082800000, 0x0000000082800000| Untracked 
|  17|0x0000000082900000, 0x0000000082900000, 0x0000000082a00000|  0%| F|  |TAMS 0x0000000082900000, 0x0000000082900000| Untracked 
|  18|0x0000000082a00000, 0x0000000082a00000, 0x0000000082b00000|  0%| F|  |TAMS 0x0000000082a00000, 0x0000000082a00000| Untracked 
|  19|0x0000000082b00000, 0x0000000082b00000, 0x0000000082c00000|  0%| F|  |TAMS 0x0000000082b00000, 0x0000000082b00000| Untracked 
|  20|0x0000000082c00000, 0x0000000082c00000, 0x0000000082d00000|  0%| F|  |TAMS 0x0000000082c00000, 0x0000000082c00000| Untracked 
|  21|0x0000000082d00000, 0x0000000082d00000, 0x0000000082e00000|  0%| F|  |TAMS 0x0000000082d00000, 0x0000000082d00000| Untracked 
|  22|0x0000000082e00000, 0x0000000082e00000, 0x0000000082f00000|  0%| F|  |TAMS 0x0000000082e00000, 0x0000000082e00000| Untracked 
|  23|0x0000000082f00000, 0x0000000082f00000, 0x0000000083000000|  0%| F|  |TAMS 0x0000000082f00000, 0x0000000082f00000| Untracked 
|  24|0x0000000083000000, 0x0000000083000000, 0x0000000083100000|  0%| F|  |TAMS 0x0000000083000000, 0x0000000083000000| Untracked 
|  25|0x0000000083100000, 0x0000000083100000, 0x0000000083200000|  0%| F|  |TAMS 0x0000000083100000, 0x0000000083100000| Untracked 
|  26|0x0000000083200000, 0x0000000083200000, 0x0000000083300000|  0%| F|  |TAMS 0x0000000083200000, 0x0000000083200000| Untracked 
|  27|0x0000000083300000, 0x0000000083300000, 0x0000000083400000|  0%| F|  |TAMS 0x0000000083300000, 0x0000000083300000| Untracked 
|  28|0x0000000083400000, 0x0000000083400000, 0x0000000083500000|  0%| F|  |TAMS 0x0000000083400000, 0x0000000083400000| Untracked 
|  29|0x0000000083500000, 0x0000000083500000, 0x0000000083600000|  0%| F|  |TAMS 0x0000000083500000, 0x0000000083500000| Untracked 
|  30|0x0000000083600000, 0x0000000083600000, 0x0000000083700000|  0%| F|  |TAMS 0x0000000083600000, 0x0000000083600000| Untracked 
|  31|0x0000000083700000, 0x0000000083700000, 0x0000000083800000|  0%| F|  |TAMS 0x0000000083700000, 0x0000000083700000| Untracked 
|  32|0x0000000083800000, 0x0000000083800000, 0x0000000083900000|  0%| F|  |TAMS 0x0000000083800000, 0x0000000083800000| Untracked 
|  33|0x0000000083900000, 0x0000000083900000, 0x0000000083a00000|  0%| F|  |TAMS 0x0000000083900000, 0x0000000083900000| Untracked 
|  34|0x0000000083a00000, 0x0000000083a00000, 0x0000000083b00000|  0%| F|  |TAMS 0x0000000083a00000, 0x0000000083a00000| Untracked 
|  35|0x0000000083b00000, 0x0000000083b00000, 0x0000000083c00000|  0%| F|  |TAMS 0x0000000083b00000, 0x0000000083b00000| Untracked 
|  36|0x0000000083c00000, 0x0000000083c00000, 0x0000000083d00000|  0%| F|  |TAMS 0x0000000083c00000, 0x0000000083c00000| Untracked 
|  37|0x0000000083d00000, 0x0000000083d00000, 0x0000000083e00000|  0%| F|  |TAMS 0x0000000083d00000, 0x0000000083d00000| Untracked 
|  38|0x0000000083e00000, 0x0000000083e00000, 0x0000000083f00000|  0%| F|  |TAMS 0x0000000083e00000, 0x0000000083e00000| Untracked 
|  39|0x0000000083f00000, 0x0000000083f00000, 0x0000000084000000|  0%| F|  |TAMS 0x0000000083f00000, 0x0000000083f00000| Untracked 
|  40|0x0000000084000000, 0x0000000084000000, 0x0000000084100000|  0%| F|  |TAMS 0x0000000084000000, 0x0000000084000000| Untracked 
|  41|0x0000000084100000, 0x0000000084100000, 0x0000000084200000|  0%| F|  |TAMS 0x0000000084100000, 0x0000000084100000| Untracked 
|  42|0x0000000084200000, 0x0000000084200000, 0x0000000084300000|  0%| F|  |TAMS 0x0000000084200000, 0x0000000084200000| Untracked 
|  43|0x0000000084300000, 0x0000000084300000, 0x0000000084400000|  0%| F|  |TAMS 0x0000000084300000, 0x0000000084300000| Untracked 
|  44|0x0000000084400000, 0x0000000084400000, 0x0000000084500000|  0%| F|  |TAMS 0x0000000084400000, 0x0000000084400000| Untracked 
|  45|0x0000000084500000, 0x0000000084500000, 0x0000000084600000|  0%| F|  |TAMS 0x0000000084500000, 0x0000000084500000| Untracked 
|  46|0x0000000084600000, 0x0000000084600000, 0x0000000084700000|  0%| F|  |TAMS 0x0000000084600000, 0x0000000084600000| Untracked 
|  47|0x0000000084700000, 0x0000000084700000, 0x0000000084800000|  0%| F|  |TAMS 0x0000000084700000, 0x0000000084700000| Untracked 
|  48|0x0000000084800000, 0x0000000084800000, 0x0000000084900000|  0%| F|  |TAMS 0x0000000084800000, 0x0000000084800000| Untracked 
|  49|0x0000000084900000, 0x0000000084900000, 0x0000000084a00000|  0%| F|  |TAMS 0x0000000084900000, 0x0000000084900000| Untracked 
|  50|0x0000000084a00000, 0x0000000084a00000, 0x0000000084b00000|  0%| F|  |TAMS 0x0000000084a00000, 0x0000000084a00000| Untracked 
|  51|0x0000000084b00000, 0x0000000084b00000, 0x0000000084c00000|  0%| F|  |TAMS 0x0000000084b00000, 0x0000000084b00000| Untracked 
|  52|0x0000000084c00000, 0x0000000084c00000, 0x0000000084d00000|  0%| F|  |TAMS 0x0000000084c00000, 0x0000000084c00000| Untracked 
|  53|0x0000000084d00000, 0x0000000084d00000, 0x0000000084e00000|  0%| F|  |TAMS 0x0000000084d00000, 0x0000000084d00000| Untracked 
|  54|0x0000000084e00000, 0x0000000084e00000, 0x0000000084f00000|  0%| F|  |TAMS 0x0000000084e00000, 0x0000000084e00000| Untracked 
|  55|0x0000000084f00000, 0x0000000084f00000, 0x0000000085000000|  0%| F|  |TAMS 0x0000000084f00000, 0x0000000084f00000| Untracked 
|  56|0x0000000085000000, 0x0000000085000000, 0x0000000085100000|  0%| F|  |TAMS 0x0000000085000000, 0x0000000085000000| Untracked 
|  57|0x0000000085100000, 0x0000000085100000, 0x0000000085200000|  0%| F|  |TAMS 0x0000000085100000, 0x0000000085100000| Untracked 
|  58|0x0000000085200000, 0x0000000085200000, 0x0000000085300000|  0%| F|  |TAMS 0x0000000085200000, 0x0000000085200000| Untracked 
|  59|0x0000000085300000, 0x0000000085300000, 0x0000000085400000|  0%| F|  |TAMS 0x0000000085300000, 0x0000000085300000| Untracked 
|  60|0x0000000085400000, 0x0000000085400000, 0x0000000085500000|  0%| F|  |TAMS 0x0000000085400000, 0x0000000085400000| Untracked 
|  61|0x0000000085500000, 0x0000000085500000, 0x0000000085600000|  0%| F|  |TAMS 0x0000000085500000, 0x0000000085500000| Untracked 
|  62|0x0000000085600000, 0x0000000085600000, 0x0000000085700000|  0%| F|  |TAMS 0x0000000085600000, 0x0000000085600000| Untracked 
|  63|0x0000000085700000, 0x0000000085700000, 0x0000000085800000|  0%| F|  |TAMS 0x0000000085700000, 0x0000000085700000| Untracked 
|  64|0x0000000085800000, 0x0000000085800000, 0x0000000085900000|  0%| F|  |TAMS 0x0000000085800000, 0x0000000085800000| Untracked 
|  65|0x0000000085900000, 0x0000000085900000, 0x0000000085a00000|  0%| F|  |TAMS 0x0000000085900000, 0x0000000085900000| Untracked 
|  66|0x0000000085a00000, 0x0000000085a00000, 0x0000000085b00000|  0%| F|  |TAMS 0x0000000085a00000, 0x0000000085a00000| Untracked 
|  67|0x0000000085b00000, 0x0000000085b00000, 0x0000000085c00000|  0%| F|  |TAMS 0x0000000085b00000, 0x0000000085b00000| Untracked 
|  68|0x0000000085c00000, 0x0000000085c00000, 0x0000000085d00000|  0%| F|  |TAMS 0x0000000085c00000, 0x0000000085c00000| Untracked 
|  69|0x0000000085d00000, 0x0000000085d00000, 0x0000000085e00000|  0%| F|  |TAMS 0x0000000085d00000, 0x0000000085d00000| Untracked 
|  70|0x0000000085e00000, 0x0000000085e00000, 0x0000000085f00000|  0%| F|  |TAMS 0x0000000085e00000, 0x0000000085e00000| Untracked 
|  71|0x0000000085f00000, 0x0000000085f00000, 0x0000000086000000|  0%| F|  |TAMS 0x0000000085f00000, 0x0000000085f00000| Untracked 
|  72|0x0000000086000000, 0x0000000086000000, 0x0000000086100000|  0%| F|  |TAMS 0x0000000086000000, 0x0000000086000000| Untracked 
|  73|0x0000000086100000, 0x0000000086100000, 0x0000000086200000|  0%| F|  |TAMS 0x0000000086100000, 0x0000000086100000| Untracked 
|  74|0x0000000086200000, 0x0000000086200000, 0x0000000086300000|  0%| F|  |TAMS 0x0000000086200000, 0x0000000086200000| Untracked 
|  75|0x0000000086300000, 0x0000000086300000, 0x0000000086400000|  0%| F|  |TAMS 0x0000000086300000, 0x0000000086300000| Untracked 
|  76|0x0000000086400000, 0x0000000086400000, 0x0000000086500000|  0%| F|  |TAMS 0x0000000086400000, 0x0000000086400000| Untracked 
|  77|0x0000000086500000, 0x0000000086500000, 0x0000000086600000|  0%| F|  |TAMS 0x0000000086500000, 0x0000000086500000| Untracked 
|  78|0x0000000086600000, 0x0000000086600000, 0x0000000086700000|  0%| F|  |TAMS 0x0000000086600000, 0x0000000086600000| Untracked 
|  79|0x0000000086700000, 0x0000000086700000, 0x0000000086800000|  0%| F|  |TAMS 0x0000000086700000, 0x0000000086700000| Untracked 
|  80|0x0000000086800000, 0x0000000086800000, 0x0000000086900000|  0%| F|  |TAMS 0x0000000086800000, 0x0000000086800000| Untracked 
|  81|0x0000000086900000, 0x0000000086900000, 0x0000000086a00000|  0%| F|  |TAMS 0x0000000086900000, 0x0000000086900000| Untracked 
|  82|0x0000000086a00000, 0x0000000086a00000, 0x0000000086b00000|  0%| F|  |TAMS 0x0000000086a00000, 0x0000000086a00000| Untracked 
|  83|0x0000000086b00000, 0x0000000086b00000, 0x0000000086c00000|  0%| F|  |TAMS 0x0000000086b00000, 0x0000000086b00000| Untracked 
|  84|0x0000000086c00000, 0x0000000086c00000, 0x0000000086d00000|  0%| F|  |TAMS 0x0000000086c00000, 0x0000000086c00000| Untracked 
|  85|0x0000000086d00000, 0x0000000086d00000, 0x0000000086e00000|  0%| F|  |TAMS 0x0000000086d00000, 0x0000000086d00000| Untracked 
|  86|0x0000000086e00000, 0x0000000086e00000, 0x0000000086f00000|  0%| F|  |TAMS 0x0000000086e00000, 0x0000000086e00000| Untracked 
|  87|0x0000000086f00000, 0x0000000086f00000, 0x0000000087000000|  0%| F|  |TAMS 0x0000000086f00000, 0x0000000086f00000| Untracked 
|  88|0x0000000087000000, 0x0000000087000000, 0x0000000087100000|  0%| F|  |TAMS 0x0000000087000000, 0x0000000087000000| Untracked 
|  89|0x0000000087100000, 0x0000000087100000, 0x0000000087200000|  0%| F|  |TAMS 0x0000000087100000, 0x0000000087100000| Untracked 
|  90|0x0000000087200000, 0x0000000087200000, 0x0000000087300000|  0%| F|  |TAMS 0x0000000087200000, 0x0000000087200000| Untracked 
|  91|0x0000000087300000, 0x0000000087300000, 0x0000000087400000|  0%| F|  |TAMS 0x0000000087300000, 0x0000000087300000| Untracked 
|  92|0x0000000087400000, 0x0000000087400000, 0x0000000087500000|  0%| F|  |TAMS 0x0000000087400000, 0x0000000087400000| Untracked 
|  93|0x0000000087500000, 0x0000000087500000, 0x0000000087600000|  0%| F|  |TAMS 0x0000000087500000, 0x0000000087500000| Untracked 
|  94|0x0000000087600000, 0x0000000087600000, 0x0000000087700000|  0%| F|  |TAMS 0x0000000087600000, 0x0000000087600000| Untracked 
|  95|0x0000000087700000, 0x0000000087700000, 0x0000000087800000|  0%| F|  |TAMS 0x0000000087700000, 0x0000000087700000| Untracked 
|  96|0x0000000087800000, 0x0000000087800000, 0x0000000087900000|  0%| F|  |TAMS 0x0000000087800000, 0x0000000087800000| Untracked 
|  97|0x0000000087900000, 0x0000000087900000, 0x0000000087a00000|  0%| F|  |TAMS 0x0000000087900000, 0x0000000087900000| Untracked 
|  98|0x0000000087a00000, 0x0000000087a00000, 0x0000000087b00000|  0%| F|  |TAMS 0x0000000087a00000, 0x0000000087a00000| Untracked 
|  99|0x0000000087b00000, 0x0000000087b00000, 0x0000000087c00000|  0%| F|  |TAMS 0x0000000087b00000, 0x0000000087b00000| Untracked 
| 100|0x0000000087c00000, 0x0000000087c00000, 0x0000000087d00000|  0%| F|  |TAMS 0x0000000087c00000, 0x0000000087c00000| Untracked 
| 101|0x0000000087d00000, 0x0000000087d00000, 0x0000000087e00000|  0%| F|  |TAMS 0x0000000087d00000, 0x0000000087d00000| Untracked 
| 102|0x0000000087e00000, 0x0000000087e00000, 0x0000000087f00000|  0%| F|  |TAMS 0x0000000087e00000, 0x0000000087e00000| Untracked 
| 103|0x0000000087f00000, 0x0000000087f00000, 0x0000000088000000|  0%| F|  |TAMS 0x0000000087f00000, 0x0000000087f00000| Untracked 
| 104|0x0000000088000000, 0x0000000088000000, 0x0000000088100000|  0%| F|  |TAMS 0x0000000088000000, 0x0000000088000000| Untracked 
| 105|0x0000000088100000, 0x0000000088100000, 0x0000000088200000|  0%| F|  |TAMS 0x0000000088100000, 0x0000000088100000| Untracked 
| 106|0x0000000088200000, 0x0000000088200000, 0x0000000088300000|  0%| F|  |TAMS 0x0000000088200000, 0x0000000088200000| Untracked 
| 107|0x0000000088300000, 0x0000000088300000, 0x0000000088400000|  0%| F|  |TAMS 0x0000000088300000, 0x0000000088300000| Untracked 
| 108|0x0000000088400000, 0x0000000088400000, 0x0000000088500000|  0%| F|  |TAMS 0x0000000088400000, 0x0000000088400000| Untracked 
| 109|0x0000000088500000, 0x0000000088500000, 0x0000000088600000|  0%| F|  |TAMS 0x0000000088500000, 0x0000000088500000| Untracked 
| 110|0x0000000088600000, 0x0000000088600000, 0x0000000088700000|  0%| F|  |TAMS 0x0000000088600000, 0x0000000088600000| Untracked 
| 111|0x0000000088700000, 0x0000000088700000, 0x0000000088800000|  0%| F|  |TAMS 0x0000000088700000, 0x0000000088700000| Untracked 
| 112|0x0000000088800000, 0x0000000088800000, 0x0000000088900000|  0%| F|  |TAMS 0x0000000088800000, 0x0000000088800000| Untracked 
| 113|0x0000000088900000, 0x0000000088900000, 0x0000000088a00000|  0%| F|  |TAMS 0x0000000088900000, 0x0000000088900000| Untracked 
| 114|0x0000000088a00000, 0x0000000088a00000, 0x0000000088b00000|  0%| F|  |TAMS 0x0000000088a00000, 0x0000000088a00000| Untracked 
| 115|0x0000000088b00000, 0x0000000088b00000, 0x0000000088c00000|  0%| F|  |TAMS 0x0000000088b00000, 0x0000000088b00000| Untracked 
| 116|0x0000000088c00000, 0x0000000088c00000, 0x0000000088d00000|  0%| F|  |TAMS 0x0000000088c00000, 0x0000000088c00000| Untracked 
| 117|0x0000000088d00000, 0x0000000088d00000, 0x0000000088e00000|  0%| F|  |TAMS 0x0000000088d00000, 0x0000000088d00000| Untracked 
| 118|0x0000000088e00000, 0x0000000088e00000, 0x0000000088f00000|  0%| F|  |TAMS 0x0000000088e00000, 0x0000000088e00000| Untracked 
| 119|0x0000000088f00000, 0x0000000088f00000, 0x0000000089000000|  0%| F|  |TAMS 0x0000000088f00000, 0x0000000088f00000| Untracked 
| 120|0x0000000089000000, 0x0000000089000000, 0x0000000089100000|  0%| F|  |TAMS 0x0000000089000000, 0x0000000089000000| Untracked 
| 121|0x0000000089100000, 0x00000000891dc780, 0x0000000089200000| 86%| E|  |TAMS 0x0000000089100000, 0x0000000089100000| Complete 
| 122|0x0000000089200000, 0x0000000089300000, 0x0000000089300000|100%| E|CS|TAMS 0x0000000089200000, 0x0000000089200000| Complete 
| 123|0x0000000089300000, 0x0000000089400000, 0x0000000089400000|100%| E|CS|TAMS 0x0000000089300000, 0x0000000089300000| Complete 
| 124|0x0000000089400000, 0x0000000089500000, 0x0000000089500000|100%| E|CS|TAMS 0x0000000089400000, 0x0000000089400000| Complete 
| 125|0x0000000089500000, 0x0000000089600000, 0x0000000089600000|100%| E|CS|TAMS 0x0000000089500000, 0x0000000089500000| Complete 
| 126|0x0000000089600000, 0x0000000089700000, 0x0000000089700000|100%| E|CS|TAMS 0x0000000089600000, 0x0000000089600000| Complete 
| 127|0x0000000089700000, 0x0000000089800000, 0x0000000089800000|100%| E|CS|TAMS 0x0000000089700000, 0x0000000089700000| Complete 

Card table byte_map: [0x0000025777c30000,0x0000025778030000] _byte_map_base: 0x0000025777824000

Marking Bits (Prev, Next): (CMBitMap*) 0x000002575e2dd7c8, (CMBitMap*) 0x000002575e2dd800
 Prev Bits: [0x0000025778430000, 0x000002577a3d0000)
 Next Bits: [0x000002577a3d0000, 0x000002577c370000)

Polling page: 0x000002575e100000

Metaspace:

Usage:
  Non-class:      8.71 MB capacity,     8.62 MB ( 99%) used,    82.58 KB ( <1%) free+waste,     8.06 KB ( <1%) overhead. 
      Class:    874.00 KB capacity,   836.76 KB ( 96%) used,    34.24 KB (  4%) free+waste,     3.00 KB ( <1%) overhead. 
       Both:      9.56 MB capacity,     9.44 MB ( 99%) used,   116.82 KB (  1%) free+waste,    11.06 KB ( <1%) overhead. 

Virtual space:
  Non-class space:       10.00 MB reserved,       8.75 MB ( 88%) committed 
      Class space:        1.00 GB reserved,     896.00 KB ( <1%) committed 
             Both:        1.01 GB reserved,       9.63 MB ( <1%) committed 

Chunk freelists:
   Non-Class:  44.00 KB
       Class:  22.00 KB
        Both:  66.00 KB

MaxMetaspaceSize: 17179869184.00 GB
CompressedClassSpaceSize: 1.00 GB
Initial GC threshold: 20.80 MB
Current GC threshold: 20.80 MB
CDS: off

CodeHeap 'non-profiled nmethods': size=120064Kb used=148Kb max_used=148Kb free=119915Kb
 bounds [0x000002576fcd0000, 0x000002576ff40000, 0x0000025777210000]
CodeHeap 'profiled nmethods': size=120000Kb used=687Kb max_used=687Kb free=119312Kb
 bounds [0x00000257687a0000, 0x0000025768a10000, 0x000002576fcd0000]
CodeHeap 'non-nmethods': size=5696Kb used=1193Kb max_used=1209Kb free=4502Kb
 bounds [0x0000025768210000, 0x0000025768480000, 0x00000257687a0000]
 total_blobs=843 nmethods=480 adapters=284
 compilation: enabled
              stopped_count=0, restarted_count=0
 full_count=0

Compilation events (20 events):
Event: 5.098 Thread 0x000002577f34f800  473   !   3       java.io.BufferedWriter::write (117 bytes)
Event: 5.101 Thread 0x000002577f34f800 nmethod 473 0x0000025768848410 code [0x0000025768848640, 0x0000025768848d28]
Event: 5.101 Thread 0x000002577f34f800  477       3       java.util.concurrent.ConcurrentHashMap$EntryIterator::next (51 bytes)
Event: 5.102 Thread 0x000002577f34f800 nmethod 477 0x0000025768849110 code [0x0000025768849300, 0x00000257688497b8]
Event: 5.102 Thread 0x000002577f34f800  472       3       java.io.Writer::write (11 bytes)
Event: 5.103 Thread 0x000002577f34f800 nmethod 472 0x0000025768849990 code [0x0000025768849b60, 0x0000025768849e48]
Event: 5.103 Thread 0x000002577f34f800  475       3       java.util.concurrent.ConcurrentHashMap$BaseIterator::hasNext (13 bytes)
Event: 5.104 Thread 0x000002577f34f800 nmethod 475 0x0000025768849f90 code [0x000002576884a140, 0x000002576884a298]
Event: 5.104 Thread 0x000002577f34f800  476       3       java.util.concurrent.ConcurrentHashMap$EntryIterator::next (5 bytes)
Event: 5.104 Thread 0x000002577f34f800 nmethod 476 0x000002576884a310 code [0x000002576884a4c0, 0x000002576884a5e8]
Event: 5.104 Thread 0x000002577f34f800  478       3       java.util.concurrent.ConcurrentHashMap$MapEntry::<init> (20 bytes)
Event: 5.105 Thread 0x000002577f34f800 nmethod 478 0x000002576884a690 code [0x000002576884a840, 0x000002576884aab8]
Event: 396.034 Thread 0x000002577f34f800  479       3       org.eclipse.jdt.launching.internal.org.objectweb.asm.SymbolTable::add (39 bytes)
Event: 396.034 Thread 0x000002577f34f800 nmethod 479 0x000002576884ab90 code [0x000002576884ad60, 0x000002576884b098]
Event: 396.034 Thread 0x000002577f34f800  480       3       org.eclipse.jdt.launching.internal.org.objectweb.asm.SymbolTable::addConstantUtf8 (20 bytes)
Event: 396.034 Thread 0x000002577f34f800 nmethod 480 0x000002576884b210 code [0x000002576884b400, 0x000002576884b768]
Event: 1896.408 Thread 0x000002577f34f800  481       3       org.eclipse.jdt.launching.internal.org.objectweb.asm.ByteVector::putShort (52 bytes)
Event: 1896.409 Thread 0x000002577f34f800 nmethod 481 0x000002576884b910 code [0x000002576884bae0, 0x000002576884bce8]
Event: 1896.409 Thread 0x000002577e99b800  482       4       org.eclipse.jdt.launching.internal.org.objectweb.asm.ClassReader::getItem (7 bytes)
Event: 1896.410 Thread 0x000002577e99b800 nmethod 482 0x000002576fcf4f10 code [0x000002576fcf50a0, 0x000002576fcf5138]

GC Heap History (0 events):
No events

Deoptimization events (14 events):
Event: 1.730 Thread 0x000002575e29d000 Uncommon trap: trap_request=0xffffff4d fr.pc=0x000002576fcdd638 relative=0x0000000000000f38
Event: 1.730 Thread 0x000002575e29d000 Uncommon trap: reason=unstable_if action=reinterpret pc=0x000002576fcdd638 method=java.util.HashMap.putVal(ILjava/lang/Object;Ljava/lang/Object;ZZ)Ljava/lang/Object; @ 181 c2
Event: 1.731 Thread 0x000002575e29d000 DEOPT PACKING pc=0x000002576fcdd638 sp=0x000000cf971fe370
Event: 1.731 Thread 0x000002575e29d000 DEOPT UNPACKING pc=0x000002576825a1af sp=0x000000cf971fe320 mode 2
Event: 2.252 Thread 0x000002575e29d000 Uncommon trap: trap_request=0xffffff4d fr.pc=0x000002576fcddf90 relative=0x0000000000000070
Event: 2.252 Thread 0x000002575e29d000 Uncommon trap: reason=unstable_if action=reinterpret pc=0x000002576fcddf90 method=java.lang.String.isLatin1()Z @ 10 c2
Event: 2.252 Thread 0x000002575e29d000 DEOPT PACKING pc=0x000002576fcddf90 sp=0x000000cf971ff030
Event: 2.252 Thread 0x000002575e29d000 DEOPT UNPACKING pc=0x000002576825a1af sp=0x000000cf971fef80 mode 2
Event: 2.437 Thread 0x000002575e29d000 DEOPT PACKING pc=0x0000025768817ef8 sp=0x000000cf971fa7b0
Event: 2.437 Thread 0x000002575e29d000 DEOPT UNPACKING pc=0x000002576825a95e sp=0x000000cf971f9c18 mode 0
Event: 2.438 Thread 0x000002575e29d000 DEOPT PACKING pc=0x0000025768817ef8 sp=0x000000cf971fa7b0
Event: 2.438 Thread 0x000002575e29d000 DEOPT UNPACKING pc=0x000002576825a95e sp=0x000000cf971f9c18 mode 0
Event: 2.577 Thread 0x000002575e29d000 DEOPT PACKING pc=0x00000257687f5196 sp=0x000000cf971fe910
Event: 2.577 Thread 0x000002575e29d000 DEOPT UNPACKING pc=0x000002576825a95e sp=0x000000cf971fdda8 mode 0

Classes redefined (7 events):
Event: 396.053 Thread 0x000002577e974000 redefined class name=com.myecommerce.client.ProductMain, count=1
Event: 706.787 Thread 0x000002577e974000 redefined class name=com.myecommerce.client.ProductMain, count=2
Event: 984.850 Thread 0x000002577e974000 redefined class name=com.myecommerce.client.ProductMain, count=3
Event: 1152.245 Thread 0x000002577e974000 redefined class name=com.myecommerce.client.ProductMain, count=4
Event: 1896.413 Thread 0x000002577e974000 redefined class name=com.myecommerce.service.ProductService, count=1
Event: 1896.415 Thread 0x000002577e974000 redefined class name=com.myecommerce.client.ProductMain, count=5
Event: 1896.417 Thread 0x000002577e974000 redefined class name=com.myecommerce.impl.ProductServiceImpl, count=1

Internal exceptions (0 events):
No events

Events (20 events):
Event: 1896.399 Executing VM operation: GetCurrentLocation done
Event: 1896.399 Executing VM operation: ChangeSingleStep
Event: 1896.400 Executing VM operation: ChangeSingleStep done
Event: 1896.400 Executing VM operation: UpdateForPopTopFrame
Event: 1896.400 Executing VM operation: UpdateForPopTopFrame done
Event: 1896.400 Executing VM operation: ChangeSingleStep
Event: 1896.400 Executing VM operation: ChangeSingleStep done
Event: 1896.400 Executing VM operation: GetFrameCount
Event: 1896.400 Executing VM operation: GetFrameCount done
Event: 1896.400 Executing VM operation: GetStackTrace
Event: 1896.400 Executing VM operation: GetStackTrace done
Event: 1896.411 Executing VM operation: RedefineClasses
Event: 1896.419 Executing VM operation: RedefineClasses done
Event: 1896.425 Executing VM operation: ChangeBreakpoints
Event: 1896.425 Executing VM operation: ChangeBreakpoints done
Event: 1896.431 Executing VM operation: ChangeBreakpoints
Event: 1896.431 Executing VM operation: ChangeBreakpoints done
Event: 1896.433 Executing VM operation: GetFrameCount
Event: 1896.433 Executing VM operation: GetFrameCount done
Event: 1896.433 Executing VM operation: GetStackTrace


Dynamic libraries:
0x00007ff6d1740000 - 0x00007ff6d174d000 	C:\Program Files\Eclipse Adoptium\jdk-11.0.15.10-hotspot\bin\javaw.exe
0x00007ffa55110000 - 0x00007ffa55305000 	C:\WINDOWS\SYSTEM32\ntdll.dll
0x00007ffa532a0000 - 0x00007ffa5335d000 	C:\WINDOWS\System32\KERNEL32.DLL
0x00007ffa52dd0000 - 0x00007ffa5309d000 	C:\WINDOWS\System32\KERNELBASE.dll
0x00007ffa4f230000 - 0x00007ffa4f2c0000 	C:\WINDOWS\SYSTEM32\apphelp.dll
0x00007ffa52a60000 - 0x00007ffa52b60000 	C:\WINDOWS\System32\ucrtbase.dll
0x00007ffa35820000 - 0x00007ffa35837000 	C:\Program Files\Eclipse Adoptium\jdk-11.0.15.10-hotspot\bin\jli.dll
0x00007ffa54640000 - 0x00007ffa547e0000 	C:\WINDOWS\System32\USER32.dll
0x00007ffa52c00000 - 0x00007ffa52c22000 	C:\WINDOWS\System32\win32u.dll
0x00007ffa35520000 - 0x00007ffa35535000 	C:\Program Files\Eclipse Adoptium\jdk-11.0.15.10-hotspot\bin\VCRUNTIME140.dll
0x00007ffa531c0000 - 0x00007ffa531ea000 	C:\WINDOWS\System32\GDI32.dll
0x00007ffa52cc0000 - 0x00007ffa52dcb000 	C:\WINDOWS\System32\gdi32full.dll
0x00007ffa52b60000 - 0x00007ffa52bfd000 	C:\WINDOWS\System32\msvcp_win.dll
0x00007ffa4a640000 - 0x00007ffa4a8da000 	C:\WINDOWS\WinSxS\amd64_microsoft.windows.common-controls_6595b64144ccf1df_6.0.19041.1110_none_60b5254171f9507e\COMCTL32.dll
0x00007ffa54d90000 - 0x00007ffa54e2e000 	C:\WINDOWS\System32\msvcrt.dll
0x00007ffa55090000 - 0x00007ffa550c0000 	C:\WINDOWS\System32\IMM32.DLL
0x00007ffa33d70000 - 0x00007ffa33e0b000 	C:\Program Files\Eclipse Adoptium\jdk-11.0.15.10-hotspot\bin\msvcp140.dll
0x00007ff9d8c70000 - 0x00007ff9d97f1000 	C:\Program Files\Eclipse Adoptium\jdk-11.0.15.10-hotspot\bin\server\jvm.dll
0x00007ffa54e30000 - 0x00007ffa54ede000 	C:\WINDOWS\System32\ADVAPI32.dll
0x00007ffa53be0000 - 0x00007ffa53c7c000 	C:\WINDOWS\System32\sechost.dll
0x00007ffa53520000 - 0x00007ffa53645000 	C:\WINDOWS\System32\RPCRT4.dll
0x00007ffa550c0000 - 0x00007ffa550c8000 	C:\WINDOWS\System32\PSAPI.DLL
0x00007ffa4b900000 - 0x00007ffa4b909000 	C:\WINDOWS\SYSTEM32\WSOCK32.dll
0x00007ffa441d0000 - 0x00007ffa441f7000 	C:\WINDOWS\SYSTEM32\WINMM.dll
0x00007ffa545d0000 - 0x00007ffa5463b000 	C:\WINDOWS\System32\WS2_32.dll
0x00007ffa4c3d0000 - 0x00007ffa4c3da000 	C:\WINDOWS\SYSTEM32\VERSION.dll
0x00007ffa51490000 - 0x00007ffa514a2000 	C:\WINDOWS\SYSTEM32\kernel.appcore.dll
0x00007ffa4b4c0000 - 0x00007ffa4b4d0000 	C:\Program Files\Eclipse Adoptium\jdk-11.0.15.10-hotspot\bin\verify.dll
0x00007ffa51090000 - 0x00007ffa51274000 	C:\WINDOWS\SYSTEM32\DBGHELP.DLL
0x00007ffa4aa80000 - 0x00007ffa4aaac000 	C:\WINDOWS\SYSTEM32\dbgcore.DLL
0x00007ffa52c30000 - 0x00007ffa52cb2000 	C:\WINDOWS\System32\bcryptPrimitives.dll
0x00007ffa35360000 - 0x00007ffa35388000 	C:\Program Files\Eclipse Adoptium\jdk-11.0.15.10-hotspot\bin\java.dll
0x00007ffa43aa0000 - 0x00007ffa43aaa000 	C:\Program Files\Eclipse Adoptium\jdk-11.0.15.10-hotspot\bin\jimage.dll
0x00007ffa33cc0000 - 0x00007ffa33cf8000 	C:\Program Files\Eclipse Adoptium\jdk-11.0.15.10-hotspot\bin\jdwp.dll
0x00007ffa439d0000 - 0x00007ffa439de000 	C:\Program Files\Eclipse Adoptium\jdk-11.0.15.10-hotspot\bin\instrument.dll
0x00007ffa35310000 - 0x00007ffa35328000 	C:\Program Files\Eclipse Adoptium\jdk-11.0.15.10-hotspot\bin\zip.dll
0x00007ffa53e80000 - 0x00007ffa545c4000 	C:\WINDOWS\System32\SHELL32.dll
0x00007ffa50550000 - 0x00007ffa50ce4000 	C:\WINDOWS\SYSTEM32\windows.storage.dll
0x00007ffa537b0000 - 0x00007ffa53b04000 	C:\WINDOWS\System32\combase.dll
0x00007ffa52280000 - 0x00007ffa522ac000 	C:\WINDOWS\SYSTEM32\Wldp.dll
0x00007ffa53d40000 - 0x00007ffa53ded000 	C:\WINDOWS\System32\SHCORE.dll
0x00007ffa53360000 - 0x00007ffa533b5000 	C:\WINDOWS\System32\shlwapi.dll
0x00007ffa52760000 - 0x00007ffa5277f000 	C:\WINDOWS\SYSTEM32\profapi.dll
0x00007ffa3d310000 - 0x00007ffa3d31a000 	C:\Program Files\Eclipse Adoptium\jdk-11.0.15.10-hotspot\bin\dt_socket.dll
0x00007ffa51fe0000 - 0x00007ffa5204a000 	C:\WINDOWS\System32\mswsock.dll
0x00007ffa51d10000 - 0x00007ffa51ddb000 	C:\WINDOWS\SYSTEM32\DNSAPI.dll
0x00007ffa51c80000 - 0x00007ffa51cbb000 	C:\WINDOWS\SYSTEM32\IPHLPAPI.DLL
0x00007ffa533e0000 - 0x00007ffa533e8000 	C:\WINDOWS\System32\NSI.dll
0x00007ffa4a8e0000 - 0x00007ffa4a960000 	C:\WINDOWS\System32\fwpuclnt.dll
0x00007ffa528d0000 - 0x00007ffa528f7000 	C:\WINDOWS\System32\bcrypt.dll
0x00007ffa494f0000 - 0x00007ffa494fa000 	C:\Windows\System32\rasadhlp.dll
0x00007ffa35010000 - 0x00007ffa35029000 	C:\Program Files\Eclipse Adoptium\jdk-11.0.15.10-hotspot\bin\net.dll
0x00007ffa4a960000 - 0x00007ffa4aa6a000 	C:\WINDOWS\SYSTEM32\WINHTTP.dll
0x00007ffa34930000 - 0x00007ffa34943000 	C:\Program Files\Eclipse Adoptium\jdk-11.0.15.10-hotspot\bin\nio.dll

dbghelp: loaded successfully - version: 4.0.5 - missing functions: none
symbol engine: initialized successfully - sym options: 0x614 - pdb path: .;C:\Program Files\Eclipse Adoptium\jdk-11.0.15.10-hotspot\bin;C:\WINDOWS\SYSTEM32;C:\WINDOWS\WinSxS\amd64_microsoft.windows.common-controls_6595b64144ccf1df_6.0.19041.1110_none_60b5254171f9507e;C:\Program Files\Eclipse Adoptium\jdk-11.0.15.10-hotspot\bin\server

VM Arguments:
jvm_args: -agentlib:jdwp=transport=dt_socket,suspend=y,address=localhost:56976 -javaagent:C:\Users\BASAVARAJ\Downloads\sts-4.14.1.RELEASE\configuration\org.eclipse.osgi\265\0\.cp\lib\javaagent-shaded.jar -Dfile.encoding=Cp1252 
java_command: com.myecommerce.client.ProductMain
java_class_path (initial): C:\Users\BASAVARAJ\Documents\workspace-spring-tool-suite-4-4.14.1.RELEASE\myecommerce\bin
Launcher Type: SUN_STANDARD

[Global flags]
     intx CICompilerCount                          = 3                                         {product} {ergonomic}
     uint ConcGCThreads                            = 1                                         {product} {ergonomic}
     uint G1ConcRefinementThreads                  = 4                                         {product} {ergonomic}
   size_t G1HeapRegionSize                         = 1048576                                   {product} {ergonomic}
    uintx GCDrainStackTargetSize                   = 64                                        {product} {ergonomic}
   size_t InitialHeapSize                          = 134217728                                 {product} {ergonomic}
   size_t MarkStackSize                            = 4194304                                   {product} {ergonomic}
   size_t MaxHeapSize                              = 2122317824                                {product} {ergonomic}
   size_t MaxNewSize                               = 1272971264                                {product} {ergonomic}
   size_t MinHeapDeltaBytes                        = 1048576                                   {product} {ergonomic}
    uintx NonNMethodCodeHeapSize                   = 5830732                                {pd product} {ergonomic}
    uintx NonProfiledCodeHeapSize                  = 122913754                              {pd product} {ergonomic}
    uintx ProfiledCodeHeapSize                     = 122913754                              {pd product} {ergonomic}
    uintx ReservedCodeCacheSize                    = 251658240                              {pd product} {ergonomic}
     bool SegmentedCodeCache                       = true                                      {product} {ergonomic}
     bool UseCompressedClassPointers               = true                                 {lp64_product} {ergonomic}
     bool UseCompressedOops                        = true                                 {lp64_product} {ergonomic}
     bool UseG1GC                                  = true                                      {product} {ergonomic}
     bool UseLargePagesIndividualAllocation        = false                                  {pd product} {ergonomic}

Logging:
Log output configuration:
 #0: stdout all=warning uptime,level,tags
 #1: stderr all=off uptime,level,tags

Environment Variables:
JAVA_HOME=C:\Program Files\Java\jdk-16.0.2
PATH=C:/Users/BASAVARAJ/Downloads/sts-4.14.1.RELEASE//plugins/org.eclipse.justj.openjdk.hotspot.jre.full.win32.x86_64_17.0.2.v20220201-1208/jre/bin/server;C:/Users/BASAVARAJ/Downloads/sts-4.14.1.RELEASE//plugins/org.eclipse.justj.openjdk.hotspot.jre.full.win32.x86_64_17.0.2.v20220201-1208/jre/bin;C:\Program Files\Eclipse Adoptium\jdk-11.0.15.10-hotspot\bin;C:\Program Files\Common Files\Oracle\Java\javapath;C:\Program Files (x86)\Common Files\Oracle\Java\javapath;C:\app\BASAVARAJ\product\11.2.0\dbhome_1\bin;C:\Windows\system32;C:\Windows;C:\Windows\System32\Wbem;C:\Windows\System32\WindowsPowerShell\v1.0\;C:\Program Files (x86)\NVIDIA Corporation\PhysX\Common;C:\Program Files\Intel\WiFi\bin\;C:\Program Files\Common Files\Intel\WirelessCommon\;C:\WINDOWS\system32;C:\WINDOWS;C:\WINDOWS\System32\Wbem;C:\WINDOWS\System32\WindowsPowerShell\v1.0\;C:\WINDOWS\System32\OpenSSH\;C:\Program Files (x86)\Intel\Intel(R) Management Engine Components\DAL;C:\Program Files\Intel\Intel(R) Management Engine Components\DAL;C:\Program Files\Microsoft SQL Server\120\Tools\Binn\;C:\Program Files\Common Files\Autodesk Shared\;C:\Program Files\Java\jdk1.8.0_261;C:\Program Files\Java\jre1.8.0_261;C:\Program Files\dotnet\;C:\Program Files\Java\jdk-16.0.2\bin;B:\sts code\apache-maven-3.8.5-bin\apache-maven-3.8.5\bin;C:\Program Files\MySQL\MySQL Shell 8.0\bin\;C:\Users\BASAVARAJ\AppData\Local\Microsoft\WindowsApps;C:\Program Files\Java\jdk-16.0.2\ bin;B:\sts code\apache-maven-3.8.5-bin\apache-maven-3.8.5\bin;;C:\Users\BASAVARAJ\Downloads\sts-4.14.1.RELEASE;
USERNAME=BASAVARAJ
OS=Windows_NT
PROCESSOR_IDENTIFIER=Intel64 Family 6 Model 142 Stepping 9, GenuineIntel



---------------  S Y S T E M  ---------------

OS: Windows 10 , 64 bit Build 19041 (10.0.19041.1706)
OS uptime: 6 days 14:01 hours

CPU:total 4 (initial active 4) (2 cores per cpu, 2 threads per core) family 6 model 142 stepping 9 microcode 0xde, cmov, cx8, fxsr, mmx, sse, sse2, sse3, ssse3, sse4.1, sse4.2, popcnt, avx, avx2, aes, clmul, erms, 3dnowpref, lzcnt, ht, tsc, tscinvbit, bmi1, bmi2, adx, fma

Memory: 4k page, system-wide physical 8090M (2483M free)
TotalPageFile size 17707M (AvailPageFile size 4447M)
current process WorkingSet (physical memory assigned to process): 48M, peak: 49M
current process commit charge ("private bytes"): 202M, peak: 204M

vm_info: OpenJDK 64-Bit Server VM (11.0.15+10) for windows-amd64 JRE (11.0.15+10), built on Apr 19 2022 22:29:44 by "" with unknown MS VC++:1916

END.
