#
# A fatal error has been detected by the Java Runtime Environment:
#
#  EXCEPTION_ACCESS_VIOLATION (0xc0000005) at pc=0x00007ff9d913d46f, pid=16564, tid=19532
#
# JRE version: OpenJDK Runtime Environment Temurin-11.0.15+10 (11.0.15+10) (build 11.0.15+10)
# Java VM: OpenJDK 64-Bit Server VM Temurin-11.0.15+10 (11.0.15+10, mixed mode, tiered, compressed oops, g1 gc, windows-amd64)
# Problematic frame:
# V  [jvm.dll+0x4cd46f]
#
# No core dump will be written. Minidumps are not enabled by default on client versions of Windows
#
# If you would like to submit a bug report, please visit:
#   https://github.com/adoptium/adoptium-support/issues
#

---------------  S U M M A R Y ------------

Command Line: -agentlib:jdwp=transport=dt_socket,suspend=y,address=localhost:57210 -javaagent:C:\Users\BASAVARAJ\Downloads\sts-4.14.1.RELEASE\configuration\org.eclipse.osgi\265\0\.cp\lib\javaagent-shaded.jar -Dfile.encoding=Cp1252 com.myecommerce.client.ProductMain

Host: Intel(R) Core(TM) i5-7200U CPU @ 2.50GHz, 4 cores, 7G,  Windows 10 , 64 bit Build 19041 (10.0.19041.1706)
Time: Sat May 21 15:43:00 2022 India Standard Time elapsed time: 912.094307 seconds (0d 0h 15m 12s)

---------------  T H R E A D  ---------------

Current thread (0x000001d41e690000):  VMThread "VM Thread" [stack: 0x00000072d0c00000,0x00000072d0d00000] [id=19532] _threads_hazard_ptr=0x000001d41f281b70

Stack: [0x00000072d0c00000,0x00000072d0d00000],  sp=0x00000072d0cfe2f0,  free space=1016k
Native frames: (J=compiled Java code, j=interpreted, Vv=VM code, C=native code)
V  [jvm.dll+0x4cd46f]
V  [jvm.dll+0x4cb65f]
V  [jvm.dll+0x7ae2ac]
V  [jvm.dll+0x7b23e7]
V  [jvm.dll+0x7b2c59]
V  [jvm.dll+0x7b2fe7]
V  [jvm.dll+0x7668b4]
V  [jvm.dll+0x61d586]
C  [ucrtbase.dll+0x21bb2]
C  [KERNEL32.DLL+0x17034]
C  [ntdll.dll+0x52651]


siginfo: EXCEPTION_ACCESS_VIOLATION (0xc0000005), reading address 0x000001d4caf48b78


Register to memory mapping:

RIP=0x00007ff9d913d46f jvm.dll
RAX=0x000001d4caf48b70 is an unknown value
RBX=0x000001d41e6b26f0 points into unknown readable memory: 0x0000001e00000001 | 01 00 00 00 1e 00 00 00
RCX=0x0 is NULL
RDX=0x00000072d0cfe338 points into unknown readable memory: 0x000001d41ff48bd8 | d8 8b f4 1f d4 01 00 00
RSP=0x00000072d0cfe2f0 points into unknown readable memory: 0x000001d41e690000 | 00 00 69 1e d4 01 00 00
RBP={method} {0x000001d41ff48be0} 
[error occurred during error reporting (printing register info), id 0xc0000005, EXCEPTION_ACCESS_VIOLATION (0xc0000005) at pc=0x00007ff9d924300a]

Registers:
RAX=0x000001d4caf48b70, RBX=0x000001d41e6b26f0, RCX=0x0000000000000000, RDX=0x00000072d0cfe338
RSP=0x00000072d0cfe2f0, RBP=0x000001d41ff48bd8, RSI=0x000001d41e690ab0, RDI=0x000001d41f2b7f80
R8 =0x000001d41e65aed0, R9 =0x000001d47feeb000, R10=0x00000072d0cfe3a0, R11=0x00000072d0cfcf90
R12=0x000001d41f3d8ad0, R13=0x000001d41e6b2678, R14=0x0000000000000000, R15=0x0000000000000001
RIP=0x00007ff9d913d46f, EFLAGS=0x0000000000010297

Top of Stack: (sp=0x00000072d0cfe2f0)
0x00000072d0cfe2f0:   000001d41e690000 0000000000000150
0x00000072d0cfe300:   000001d47fed6ce0 00007ff9d8d32994
0x00000072d0cfe310:   000001d400000000 000001d47ffbe7d0
0x00000072d0cfe320:   00000000000003d8 000001d47ffbe7e0
0x00000072d0cfe330:   000001d47ffbebb8 000001d41ff48bd8
0x00000072d0cfe340:   000001d41e690000 000001d41e6b2678
0x00000072d0cfe350:   000001d41e65b190 00000072d17ff220
0x00000072d0cfe360:   000001d41e690000 000001d41e65aed0
0x00000072d0cfe370:   000001d41e6909c0 000001d41e6909d0
0x00000072d0cfe380:   000001d41e690aa8 00000000000000d8
0x00000072d0cfe390:   00000072d0cff870 0000000000000000
0x00000072d0cfe3a0:   000001d47fede830 000001d41e690000
0x00000072d0cfe3b0:   000001d41e65aed0 000001d41e6909c0
0x00000072d0cfe3c0:   00000072d16ff070 00000072d16ff070
0x00000072d0cfe3d0:   00000000000000d8 00000072d0cff870
0x00000072d0cfe3e0:   0000000000000000 000001d41e690000 

Instructions: (pc=0x00007ff9d913d46f)
0x00007ff9d913d36f:   45 33 f6 48 85 ff 0f 84 5c 01 00 00 48 8b 07 48
0x00007ff9d913d37f:   8b cf ff 50 38 48 89 44 24 48 48 8b e8 48 c7 44
0x00007ff9d913d38f:   24 50 00 00 00 00 48 85 c0 0f 84 c8 00 00 00 49
0x00007ff9d913d39f:   8b 4d 00 48 89 4c 24 50 48 8b 99 88 02 00 00 8b
0x00007ff9d913d3af:   4b 04 8b 13 3b d1 0f 85 9b 00 00 00 8b c1 85 c9
0x00007ff9d913d3bf:   75 0e b9 01 00 00 00 c7 43 04 01 00 00 00 8b c1
0x00007ff9d913d3cf:   3b d1 7c 09 03 c0 3b d0 7d fa 89 43 04 ba 08 00
0x00007ff9d913d3df:   00 00 48 8b cb e8 a7 41 e7 ff 33 c9 48 8b f0 39
0x00007ff9d913d3ef:   0b 7e 26 45 33 c9 66 66 66 0f 1f 84 00 00 00 00
0x00007ff9d913d3ff:   00 48 8b 53 18 4d 8d 49 08 ff c1 4d 8b 44 11 f8
0x00007ff9d913d40f:   4d 89 44 01 f8 3b 0b 7c e8 3b 4b 04 7d 1b 0f 1f
0x00007ff9d913d41f:   00 48 63 c1 48 8d 14 c6 48 85 d2 74 05 33 c0 48
0x00007ff9d913d42f:   89 02 ff c1 3b 4b 04 7c e8 48 83 7b 08 01 75 11
0x00007ff9d913d43f:   48 8b 53 18 48 85 d2 74 08 48 8b cb e8 90 39 d1
0x00007ff9d913d44f:   ff 48 89 73 18 eb 04 48 8b 73 18 48 63 0b 8d 41
0x00007ff9d913d45f:   01 89 03 48 89 2c ce 48 8b 45 08 48 8d 54 24 48
0x00007ff9d913d46f:   48 8b 48 08 48 8b 49 18 e8 e4 6c e9 ff 48 8d 4c
0x00007ff9d913d47f:   24 48 48 8b d8 e8 27 48 e7 ff 49 89 1c 24 48 8b
0x00007ff9d913d48f:   cf 48 8b 07 ff 50 38 8b 48 20 c1 e9 08 f6 c1 01
0x00007ff9d913d49f:   74 07 b8 ff ff ff ff eb 09 48 8b 07 48 8b cf ff
0x00007ff9d913d4af:   50 40 48 98 48 8b cf 49 89 44 24 08 e8 c0 37 2d
0x00007ff9d913d4bf:   00 ff 44 24 20 49 ff c6 49 83 c4 10 48 8b f8 4d
0x00007ff9d913d4cf:   3b f7 0f 8c 9b fe ff ff 4c 8b 6c 24 60 48 8d 4c
0x00007ff9d913d4df:   24 70 e8 5a 47 e7 ff 48 8b 5c 24 28 48 83 3b 00
0x00007ff9d913d4ef:   74 15 48 8b 54 24 30 49 8b cd e8 82 59 bf ff 48
0x00007ff9d913d4ff:   8b cb e8 ea 58 bf ff 48 8b 44 24 38 49 89 45 18
0x00007ff9d913d50f:   48 8b 44 24 40 49 89 45 20 49 89 5d 10 eb 08 85
0x00007ff9d913d51f:   f6 0f 85 14 fe ff ff 8b 44 24 20 48 8b 4c 24 68
0x00007ff9d913d52f:   89 01 33 c0 48 8b 8c 24 e0 12 00 00 48 33 cc e8
0x00007ff9d913d53f:   4d 0a 31 00 4c 8d 9c 24 f0 12 00 00 49 8b 5b 30
0x00007ff9d913d54f:   49 8b 6b 40 49 8b 73 48 49 8b e3 41 5f 41 5e 41
0x00007ff9d913d55f:   5d 41 5c 5f c3 cc cc cc cc cc cc cc cc cc cc cc 


Stack slot to memory mapping:
stack at sp + 0 slots: 0x000001d41e690000 points into unknown readable memory: 0x00007ff9d95aa628 | 28 a6 5a d9 f9 7f 00 00
stack at sp + 1 slots: 0x0000000000000150 is an unknown value
stack at sp + 2 slots: 0x000001d47fed6ce0 points into unknown readable memory: 0x000001d41f0c8170 | 70 81 0c 1f d4 01 00 00
stack at sp + 3 slots: 0x00007ff9d8d32994 jvm.dll
stack at sp + 4 slots: 0x000001d400000000 points into unknown readable memory: 0x00010000cafedada | da da fe ca 00 00 01 00
stack at sp + 5 slots: 0x000001d47ffbe7d0 points into unknown readable memory: 0x000001d41f2b7f70 | 70 7f 2b 1f d4 01 00 00
stack at sp + 6 slots: 0x00000000000003d8 is an unknown value
stack at sp + 7 slots: 0x000001d47ffbe7e0 points into unknown readable memory: 0x00007ff9d9568d30 | 30 8d 56 d9 f9 7f 00 00

VM_Operation (0x00000072d17ff070): GetStackTrace, mode: safepoint, requested by thread 0x000001d41f286800


---------------  P R O C E S S  ---------------

Threads class SMR info:
_java_thread_list=0x000001d41f281b70, length=13, elements={
0x000001d47feeb000, 0x000001d41e6b6000, 0x000001d41e6c0000, 0x000001d41e6d1000,
0x000001d41e6d5800, 0x000001d41e6d7000, 0x000001d41e6db800, 0x000001d41e6e7000,
0x000001d41f094000, 0x000001d41f199000, 0x000001d41f286800, 0x000001d41f287800,
0x000001d41f3c4000
}
_to_delete_list=0x000001d41f282050, length=12, elements={
0x000001d47feeb000, 0x000001d41e6b6000, 0x000001d41e6c0000, 0x000001d41e6d1000,
0x000001d41e6d5800, 0x000001d41e6d7000, 0x000001d41e6db800, 0x000001d41e6e7000,
0x000001d41f094000, 0x000001d41f199000, 0x000001d41f286800, 0x000001d41f287800
}

Java Threads: ( => current thread )
  0x000001d47feeb000 JavaThread "main" [_thread_blocked, id=18840, stack(0x00000072d0600000,0x00000072d0700000)]
  0x000001d41e6b6000 JavaThread "Reference Handler" daemon [_thread_blocked, id=21088, stack(0x00000072d0d00000,0x00000072d0e00000)]
  0x000001d41e6c0000 JavaThread "Finalizer" daemon [_thread_blocked, id=3932, stack(0x00000072d0e00000,0x00000072d0f00000)]
  0x000001d41e6d1000 JavaThread "Signal Dispatcher" daemon [_thread_blocked, id=412, stack(0x00000072d1000000,0x00000072d1100000)]
  0x000001d41e6d5800 JavaThread "Attach Listener" daemon [_thread_blocked, id=6156, stack(0x00000072d1100000,0x00000072d1200000)]
  0x000001d41e6d7000 JavaThread "Service Thread" daemon [_thread_blocked, id=7276, stack(0x00000072d1200000,0x00000072d1300000)]
  0x000001d41e6db800 JavaThread "C2 CompilerThread0" daemon [_thread_blocked, id=19388, stack(0x00000072d1300000,0x00000072d1400000)]
  0x000001d41e6e7000 JavaThread "C1 CompilerThread0" daemon [_thread_blocked, id=5200, stack(0x00000072d1400000,0x00000072d1500000)]
  0x000001d41f094000 JavaThread "Sweeper thread" daemon [_thread_blocked, id=11772, stack(0x00000072d1500000,0x00000072d1600000)]
  0x000001d41f199000 JavaThread "Common-Cleaner" daemon [_thread_blocked, id=3668, stack(0x00000072d1600000,0x00000072d1700000)]
  0x000001d41f286800 JavaThread "JDWP Transport Listener: dt_socket" daemon [_thread_blocked, id=19300, stack(0x00000072d1700000,0x00000072d1800000)] _threads_hazard_ptr=0x000001d41f281b70
  0x000001d41f287800 JavaThread "JDWP Event Helper Thread" daemon [_thread_blocked, id=18876, stack(0x00000072d1800000,0x00000072d1900000)]
  0x000001d41f3c4000 JavaThread "JDWP Command Reader" daemon [_thread_in_native, id=21488, stack(0x00000072d1900000,0x00000072d1a00000)]

Other Threads:
=>0x000001d41e690000 VMThread "VM Thread" [stack: 0x00000072d0c00000,0x00000072d0d00000] [id=19532]
  0x000001d41f7eb000 WatcherThread [stack: 0x00000072d1a00000,0x00000072d1b00000] [id=20012]
  0x000001d47ff05000 GCTaskThread "GC Thread#0" [stack: 0x00000072d0700000,0x00000072d0800000] [id=17412]
  0x000001d47ff35000 ConcurrentGCThread "G1 Main Marker" [stack: 0x00000072d0800000,0x00000072d0900000] [id=13456]
  0x000001d47ff38000 ConcurrentGCThread "G1 Conc#0" [stack: 0x00000072d0900000,0x00000072d0a00000] [id=13680]
  0x000001d47ffb6800 ConcurrentGCThread "G1 Refine#0" [stack: 0x00000072d0a00000,0x00000072d0b00000] [id=19620]
  0x000001d41e500800 ConcurrentGCThread "G1 Young RemSet Sampling" [stack: 0x00000072d0b00000,0x00000072d0c00000] [id=6848]

Threads with active compile tasks:

VM state:at safepoint (normal execution)

VM Mutex/Monitor currently owned by a thread:  ([mutex/lock_event])
[0x000001d47fee8400] Threads_lock - owner thread: 0x000001d41e690000

Heap address: 0x0000000081800000, size: 2024 MB, Compressed Oops mode: 32-bit
Narrow klass base: 0x0000000000000000, Narrow klass shift: 3
Compressed class space size: 1073741824 Address: 0x0000000100000000

Heap:
 garbage-first heap   total 131072K, used 6144K [0x0000000081800000, 0x0000000100000000)
  region size 1024K, 7 young (7168K), 0 survivors (0K)
 Metaspace       used 9649K, capacity 9790K, committed 9856K, reserved 1058816K
  class space    used 835K, capacity 874K, committed 896K, reserved 1048576K
Heap Regions: E=young(eden), S=young(survivor), O=old, HS=humongous(starts), HC=humongous(continues), CS=collection set, F=free, A=archive, TAMS=top-at-mark-start (previous, next)
|   0|0x0000000081800000, 0x0000000081800000, 0x0000000081900000|  0%| F|  |TAMS 0x0000000081800000, 0x0000000081800000| Untracked 
|   1|0x0000000081900000, 0x0000000081900000, 0x0000000081a00000|  0%| F|  |TAMS 0x0000000081900000, 0x0000000081900000| Untracked 
|   2|0x0000000081a00000, 0x0000000081a00000, 0x0000000081b00000|  0%| F|  |TAMS 0x0000000081a00000, 0x0000000081a00000| Untracked 
|   3|0x0000000081b00000, 0x0000000081b00000, 0x0000000081c00000|  0%| F|  |TAMS 0x0000000081b00000, 0x0000000081b00000| Untracked 
|   4|0x0000000081c00000, 0x0000000081c00000, 0x0000000081d00000|  0%| F|  |TAMS 0x0000000081c00000, 0x0000000081c00000| Untracked 
|   5|0x0000000081d00000, 0x0000000081d00000, 0x0000000081e00000|  0%| F|  |TAMS 0x0000000081d00000, 0x0000000081d00000| Untracked 
|   6|0x0000000081e00000, 0x0000000081e00000, 0x0000000081f00000|  0%| F|  |TAMS 0x0000000081e00000, 0x0000000081e00000| Untracked 
|   7|0x0000000081f00000, 0x0000000081f00000, 0x0000000082000000|  0%| F|  |TAMS 0x0000000081f00000, 0x0000000081f00000| Untracked 
|   8|0x0000000082000000, 0x0000000082000000, 0x0000000082100000|  0%| F|  |TAMS 0x0000000082000000, 0x0000000082000000| Untracked 
|   9|0x0000000082100000, 0x0000000082100000, 0x0000000082200000|  0%| F|  |TAMS 0x0000000082100000, 0x0000000082100000| Untracked 
|  10|0x0000000082200000, 0x0000000082200000, 0x0000000082300000|  0%| F|  |TAMS 0x0000000082200000, 0x0000000082200000| Untracked 
|  11|0x0000000082300000, 0x0000000082300000, 0x0000000082400000|  0%| F|  |TAMS 0x0000000082300000, 0x0000000082300000| Untracked 
|  12|0x0000000082400000, 0x0000000082400000, 0x0000000082500000|  0%| F|  |TAMS 0x0000000082400000, 0x0000000082400000| Untracked 
|  13|0x0000000082500000, 0x0000000082500000, 0x0000000082600000|  0%| F|  |TAMS 0x0000000082500000, 0x0000000082500000| Untracked 
|  14|0x0000000082600000, 0x0000000082600000, 0x0000000082700000|  0%| F|  |TAMS 0x0000000082600000, 0x0000000082600000| Untracked 
|  15|0x0000000082700000, 0x0000000082700000, 0x0000000082800000|  0%| F|  |TAMS 0x0000000082700000, 0x0000000082700000| Untracked 
|  16|0x0000000082800000, 0x0000000082800000, 0x0000000082900000|  0%| F|  |TAMS 0x0000000082800000, 0x0000000082800000| Untracked 
|  17|0x0000000082900000, 0x0000000082900000, 0x0000000082a00000|  0%| F|  |TAMS 0x0000000082900000, 0x0000000082900000| Untracked 
|  18|0x0000000082a00000, 0x0000000082a00000, 0x0000000082b00000|  0%| F|  |TAMS 0x0000000082a00000, 0x0000000082a00000| Untracked 
|  19|0x0000000082b00000, 0x0000000082b00000, 0x0000000082c00000|  0%| F|  |TAMS 0x0000000082b00000, 0x0000000082b00000| Untracked 
|  20|0x0000000082c00000, 0x0000000082c00000, 0x0000000082d00000|  0%| F|  |TAMS 0x0000000082c00000, 0x0000000082c00000| Untracked 
|  21|0x0000000082d00000, 0x0000000082d00000, 0x0000000082e00000|  0%| F|  |TAMS 0x0000000082d00000, 0x0000000082d00000| Untracked 
|  22|0x0000000082e00000, 0x0000000082e00000, 0x0000000082f00000|  0%| F|  |TAMS 0x0000000082e00000, 0x0000000082e00000| Untracked 
|  23|0x0000000082f00000, 0x0000000082f00000, 0x0000000083000000|  0%| F|  |TAMS 0x0000000082f00000, 0x0000000082f00000| Untracked 
|  24|0x0000000083000000, 0x0000000083000000, 0x0000000083100000|  0%| F|  |TAMS 0x0000000083000000, 0x0000000083000000| Untracked 
|  25|0x0000000083100000, 0x0000000083100000, 0x0000000083200000|  0%| F|  |TAMS 0x0000000083100000, 0x0000000083100000| Untracked 
|  26|0x0000000083200000, 0x0000000083200000, 0x0000000083300000|  0%| F|  |TAMS 0x0000000083200000, 0x0000000083200000| Untracked 
|  27|0x0000000083300000, 0x0000000083300000, 0x0000000083400000|  0%| F|  |TAMS 0x0000000083300000, 0x0000000083300000| Untracked 
|  28|0x0000000083400000, 0x0000000083400000, 0x0000000083500000|  0%| F|  |TAMS 0x0000000083400000, 0x0000000083400000| Untracked 
|  29|0x0000000083500000, 0x0000000083500000, 0x0000000083600000|  0%| F|  |TAMS 0x0000000083500000, 0x0000000083500000| Untracked 
|  30|0x0000000083600000, 0x0000000083600000, 0x0000000083700000|  0%| F|  |TAMS 0x0000000083600000, 0x0000000083600000| Untracked 
|  31|0x0000000083700000, 0x0000000083700000, 0x0000000083800000|  0%| F|  |TAMS 0x0000000083700000, 0x0000000083700000| Untracked 
|  32|0x0000000083800000, 0x0000000083800000, 0x0000000083900000|  0%| F|  |TAMS 0x0000000083800000, 0x0000000083800000| Untracked 
|  33|0x0000000083900000, 0x0000000083900000, 0x0000000083a00000|  0%| F|  |TAMS 0x0000000083900000, 0x0000000083900000| Untracked 
|  34|0x0000000083a00000, 0x0000000083a00000, 0x0000000083b00000|  0%| F|  |TAMS 0x0000000083a00000, 0x0000000083a00000| Untracked 
|  35|0x0000000083b00000, 0x0000000083b00000, 0x0000000083c00000|  0%| F|  |TAMS 0x0000000083b00000, 0x0000000083b00000| Untracked 
|  36|0x0000000083c00000, 0x0000000083c00000, 0x0000000083d00000|  0%| F|  |TAMS 0x0000000083c00000, 0x0000000083c00000| Untracked 
|  37|0x0000000083d00000, 0x0000000083d00000, 0x0000000083e00000|  0%| F|  |TAMS 0x0000000083d00000, 0x0000000083d00000| Untracked 
|  38|0x0000000083e00000, 0x0000000083e00000, 0x0000000083f00000|  0%| F|  |TAMS 0x0000000083e00000, 0x0000000083e00000| Untracked 
|  39|0x0000000083f00000, 0x0000000083f00000, 0x0000000084000000|  0%| F|  |TAMS 0x0000000083f00000, 0x0000000083f00000| Untracked 
|  40|0x0000000084000000, 0x0000000084000000, 0x0000000084100000|  0%| F|  |TAMS 0x0000000084000000, 0x0000000084000000| Untracked 
|  41|0x0000000084100000, 0x0000000084100000, 0x0000000084200000|  0%| F|  |TAMS 0x0000000084100000, 0x0000000084100000| Untracked 
|  42|0x0000000084200000, 0x0000000084200000, 0x0000000084300000|  0%| F|  |TAMS 0x0000000084200000, 0x0000000084200000| Untracked 
|  43|0x0000000084300000, 0x0000000084300000, 0x0000000084400000|  0%| F|  |TAMS 0x0000000084300000, 0x0000000084300000| Untracked 
|  44|0x0000000084400000, 0x0000000084400000, 0x0000000084500000|  0%| F|  |TAMS 0x0000000084400000, 0x0000000084400000| Untracked 
|  45|0x0000000084500000, 0x0000000084500000, 0x0000000084600000|  0%| F|  |TAMS 0x0000000084500000, 0x0000000084500000| Untracked 
|  46|0x0000000084600000, 0x0000000084600000, 0x0000000084700000|  0%| F|  |TAMS 0x0000000084600000, 0x0000000084600000| Untracked 
|  47|0x0000000084700000, 0x0000000084700000, 0x0000000084800000|  0%| F|  |TAMS 0x0000000084700000, 0x0000000084700000| Untracked 
|  48|0x0000000084800000, 0x0000000084800000, 0x0000000084900000|  0%| F|  |TAMS 0x0000000084800000, 0x0000000084800000| Untracked 
|  49|0x0000000084900000, 0x0000000084900000, 0x0000000084a00000|  0%| F|  |TAMS 0x0000000084900000, 0x0000000084900000| Untracked 
|  50|0x0000000084a00000, 0x0000000084a00000, 0x0000000084b00000|  0%| F|  |TAMS 0x0000000084a00000, 0x0000000084a00000| Untracked 
|  51|0x0000000084b00000, 0x0000000084b00000, 0x0000000084c00000|  0%| F|  |TAMS 0x0000000084b00000, 0x0000000084b00000| Untracked 
|  52|0x0000000084c00000, 0x0000000084c00000, 0x0000000084d00000|  0%| F|  |TAMS 0x0000000084c00000, 0x0000000084c00000| Untracked 
|  53|0x0000000084d00000, 0x0000000084d00000, 0x0000000084e00000|  0%| F|  |TAMS 0x0000000084d00000, 0x0000000084d00000| Untracked 
|  54|0x0000000084e00000, 0x0000000084e00000, 0x0000000084f00000|  0%| F|  |TAMS 0x0000000084e00000, 0x0000000084e00000| Untracked 
|  55|0x0000000084f00000, 0x0000000084f00000, 0x0000000085000000|  0%| F|  |TAMS 0x0000000084f00000, 0x0000000084f00000| Untracked 
|  56|0x0000000085000000, 0x0000000085000000, 0x0000000085100000|  0%| F|  |TAMS 0x0000000085000000, 0x0000000085000000| Untracked 
|  57|0x0000000085100000, 0x0000000085100000, 0x0000000085200000|  0%| F|  |TAMS 0x0000000085100000, 0x0000000085100000| Untracked 
|  58|0x0000000085200000, 0x0000000085200000, 0x0000000085300000|  0%| F|  |TAMS 0x0000000085200000, 0x0000000085200000| Untracked 
|  59|0x0000000085300000, 0x0000000085300000, 0x0000000085400000|  0%| F|  |TAMS 0x0000000085300000, 0x0000000085300000| Untracked 
|  60|0x0000000085400000, 0x0000000085400000, 0x0000000085500000|  0%| F|  |TAMS 0x0000000085400000, 0x0000000085400000| Untracked 
|  61|0x0000000085500000, 0x0000000085500000, 0x0000000085600000|  0%| F|  |TAMS 0x0000000085500000, 0x0000000085500000| Untracked 
|  62|0x0000000085600000, 0x0000000085600000, 0x0000000085700000|  0%| F|  |TAMS 0x0000000085600000, 0x0000000085600000| Untracked 
|  63|0x0000000085700000, 0x0000000085700000, 0x0000000085800000|  0%| F|  |TAMS 0x0000000085700000, 0x0000000085700000| Untracked 
|  64|0x0000000085800000, 0x0000000085800000, 0x0000000085900000|  0%| F|  |TAMS 0x0000000085800000, 0x0000000085800000| Untracked 
|  65|0x0000000085900000, 0x0000000085900000, 0x0000000085a00000|  0%| F|  |TAMS 0x0000000085900000, 0x0000000085900000| Untracked 
|  66|0x0000000085a00000, 0x0000000085a00000, 0x0000000085b00000|  0%| F|  |TAMS 0x0000000085a00000, 0x0000000085a00000| Untracked 
|  67|0x0000000085b00000, 0x0000000085b00000, 0x0000000085c00000|  0%| F|  |TAMS 0x0000000085b00000, 0x0000000085b00000| Untracked 
|  68|0x0000000085c00000, 0x0000000085c00000, 0x0000000085d00000|  0%| F|  |TAMS 0x0000000085c00000, 0x0000000085c00000| Untracked 
|  69|0x0000000085d00000, 0x0000000085d00000, 0x0000000085e00000|  0%| F|  |TAMS 0x0000000085d00000, 0x0000000085d00000| Untracked 
|  70|0x0000000085e00000, 0x0000000085e00000, 0x0000000085f00000|  0%| F|  |TAMS 0x0000000085e00000, 0x0000000085e00000| Untracked 
|  71|0x0000000085f00000, 0x0000000085f00000, 0x0000000086000000|  0%| F|  |TAMS 0x0000000085f00000, 0x0000000085f00000| Untracked 
|  72|0x0000000086000000, 0x0000000086000000, 0x0000000086100000|  0%| F|  |TAMS 0x0000000086000000, 0x0000000086000000| Untracked 
|  73|0x0000000086100000, 0x0000000086100000, 0x0000000086200000|  0%| F|  |TAMS 0x0000000086100000, 0x0000000086100000| Untracked 
|  74|0x0000000086200000, 0x0000000086200000, 0x0000000086300000|  0%| F|  |TAMS 0x0000000086200000, 0x0000000086200000| Untracked 
|  75|0x0000000086300000, 0x0000000086300000, 0x0000000086400000|  0%| F|  |TAMS 0x0000000086300000, 0x0000000086300000| Untracked 
|  76|0x0000000086400000, 0x0000000086400000, 0x0000000086500000|  0%| F|  |TAMS 0x0000000086400000, 0x0000000086400000| Untracked 
|  77|0x0000000086500000, 0x0000000086500000, 0x0000000086600000|  0%| F|  |TAMS 0x0000000086500000, 0x0000000086500000| Untracked 
|  78|0x0000000086600000, 0x0000000086600000, 0x0000000086700000|  0%| F|  |TAMS 0x0000000086600000, 0x0000000086600000| Untracked 
|  79|0x0000000086700000, 0x0000000086700000, 0x0000000086800000|  0%| F|  |TAMS 0x0000000086700000, 0x0000000086700000| Untracked 
|  80|0x0000000086800000, 0x0000000086800000, 0x0000000086900000|  0%| F|  |TAMS 0x0000000086800000, 0x0000000086800000| Untracked 
|  81|0x0000000086900000, 0x0000000086900000, 0x0000000086a00000|  0%| F|  |TAMS 0x0000000086900000, 0x0000000086900000| Untracked 
|  82|0x0000000086a00000, 0x0000000086a00000, 0x0000000086b00000|  0%| F|  |TAMS 0x0000000086a00000, 0x0000000086a00000| Untracked 
|  83|0x0000000086b00000, 0x0000000086b00000, 0x0000000086c00000|  0%| F|  |TAMS 0x0000000086b00000, 0x0000000086b00000| Untracked 
|  84|0x0000000086c00000, 0x0000000086c00000, 0x0000000086d00000|  0%| F|  |TAMS 0x0000000086c00000, 0x0000000086c00000| Untracked 
|  85|0x0000000086d00000, 0x0000000086d00000, 0x0000000086e00000|  0%| F|  |TAMS 0x0000000086d00000, 0x0000000086d00000| Untracked 
|  86|0x0000000086e00000, 0x0000000086e00000, 0x0000000086f00000|  0%| F|  |TAMS 0x0000000086e00000, 0x0000000086e00000| Untracked 
|  87|0x0000000086f00000, 0x0000000086f00000, 0x0000000087000000|  0%| F|  |TAMS 0x0000000086f00000, 0x0000000086f00000| Untracked 
|  88|0x0000000087000000, 0x0000000087000000, 0x0000000087100000|  0%| F|  |TAMS 0x0000000087000000, 0x0000000087000000| Untracked 
|  89|0x0000000087100000, 0x0000000087100000, 0x0000000087200000|  0%| F|  |TAMS 0x0000000087100000, 0x0000000087100000| Untracked 
|  90|0x0000000087200000, 0x0000000087200000, 0x0000000087300000|  0%| F|  |TAMS 0x0000000087200000, 0x0000000087200000| Untracked 
|  91|0x0000000087300000, 0x0000000087300000, 0x0000000087400000|  0%| F|  |TAMS 0x0000000087300000, 0x0000000087300000| Untracked 
|  92|0x0000000087400000, 0x0000000087400000, 0x0000000087500000|  0%| F|  |TAMS 0x0000000087400000, 0x0000000087400000| Untracked 
|  93|0x0000000087500000, 0x0000000087500000, 0x0000000087600000|  0%| F|  |TAMS 0x0000000087500000, 0x0000000087500000| Untracked 
|  94|0x0000000087600000, 0x0000000087600000, 0x0000000087700000|  0%| F|  |TAMS 0x0000000087600000, 0x0000000087600000| Untracked 
|  95|0x0000000087700000, 0x0000000087700000, 0x0000000087800000|  0%| F|  |TAMS 0x0000000087700000, 0x0000000087700000| Untracked 
|  96|0x0000000087800000, 0x0000000087800000, 0x0000000087900000|  0%| F|  |TAMS 0x0000000087800000, 0x0000000087800000| Untracked 
|  97|0x0000000087900000, 0x0000000087900000, 0x0000000087a00000|  0%| F|  |TAMS 0x0000000087900000, 0x0000000087900000| Untracked 
|  98|0x0000000087a00000, 0x0000000087a00000, 0x0000000087b00000|  0%| F|  |TAMS 0x0000000087a00000, 0x0000000087a00000| Untracked 
|  99|0x0000000087b00000, 0x0000000087b00000, 0x0000000087c00000|  0%| F|  |TAMS 0x0000000087b00000, 0x0000000087b00000| Untracked 
| 100|0x0000000087c00000, 0x0000000087c00000, 0x0000000087d00000|  0%| F|  |TAMS 0x0000000087c00000, 0x0000000087c00000| Untracked 
| 101|0x0000000087d00000, 0x0000000087d00000, 0x0000000087e00000|  0%| F|  |TAMS 0x0000000087d00000, 0x0000000087d00000| Untracked 
| 102|0x0000000087e00000, 0x0000000087e00000, 0x0000000087f00000|  0%| F|  |TAMS 0x0000000087e00000, 0x0000000087e00000| Untracked 
| 103|0x0000000087f00000, 0x0000000087f00000, 0x0000000088000000|  0%| F|  |TAMS 0x0000000087f00000, 0x0000000087f00000| Untracked 
| 104|0x0000000088000000, 0x0000000088000000, 0x0000000088100000|  0%| F|  |TAMS 0x0000000088000000, 0x0000000088000000| Untracked 
| 105|0x0000000088100000, 0x0000000088100000, 0x0000000088200000|  0%| F|  |TAMS 0x0000000088100000, 0x0000000088100000| Untracked 
| 106|0x0000000088200000, 0x0000000088200000, 0x0000000088300000|  0%| F|  |TAMS 0x0000000088200000, 0x0000000088200000| Untracked 
| 107|0x0000000088300000, 0x0000000088300000, 0x0000000088400000|  0%| F|  |TAMS 0x0000000088300000, 0x0000000088300000| Untracked 
| 108|0x0000000088400000, 0x0000000088400000, 0x0000000088500000|  0%| F|  |TAMS 0x0000000088400000, 0x0000000088400000| Untracked 
| 109|0x0000000088500000, 0x0000000088500000, 0x0000000088600000|  0%| F|  |TAMS 0x0000000088500000, 0x0000000088500000| Untracked 
| 110|0x0000000088600000, 0x0000000088600000, 0x0000000088700000|  0%| F|  |TAMS 0x0000000088600000, 0x0000000088600000| Untracked 
| 111|0x0000000088700000, 0x0000000088700000, 0x0000000088800000|  0%| F|  |TAMS 0x0000000088700000, 0x0000000088700000| Untracked 
| 112|0x0000000088800000, 0x0000000088800000, 0x0000000088900000|  0%| F|  |TAMS 0x0000000088800000, 0x0000000088800000| Untracked 
| 113|0x0000000088900000, 0x0000000088900000, 0x0000000088a00000|  0%| F|  |TAMS 0x0000000088900000, 0x0000000088900000| Untracked 
| 114|0x0000000088a00000, 0x0000000088a00000, 0x0000000088b00000|  0%| F|  |TAMS 0x0000000088a00000, 0x0000000088a00000| Untracked 
| 115|0x0000000088b00000, 0x0000000088b00000, 0x0000000088c00000|  0%| F|  |TAMS 0x0000000088b00000, 0x0000000088b00000| Untracked 
| 116|0x0000000088c00000, 0x0000000088c00000, 0x0000000088d00000|  0%| F|  |TAMS 0x0000000088c00000, 0x0000000088c00000| Untracked 
| 117|0x0000000088d00000, 0x0000000088d00000, 0x0000000088e00000|  0%| F|  |TAMS 0x0000000088d00000, 0x0000000088d00000| Untracked 
| 118|0x0000000088e00000, 0x0000000088e00000, 0x0000000088f00000|  0%| F|  |TAMS 0x0000000088e00000, 0x0000000088e00000| Untracked 
| 119|0x0000000088f00000, 0x0000000088f00000, 0x0000000089000000|  0%| F|  |TAMS 0x0000000088f00000, 0x0000000088f00000| Untracked 
| 120|0x0000000089000000, 0x0000000089000000, 0x0000000089100000|  0%| F|  |TAMS 0x0000000089000000, 0x0000000089000000| Untracked 
| 121|0x0000000089100000, 0x000000008919c638, 0x0000000089200000| 61%| E|  |TAMS 0x0000000089100000, 0x0000000089100000| Complete 
| 122|0x0000000089200000, 0x0000000089300000, 0x0000000089300000|100%| E|CS|TAMS 0x0000000089200000, 0x0000000089200000| Complete 
| 123|0x0000000089300000, 0x0000000089400000, 0x0000000089400000|100%| E|CS|TAMS 0x0000000089300000, 0x0000000089300000| Complete 
| 124|0x0000000089400000, 0x0000000089500000, 0x0000000089500000|100%| E|CS|TAMS 0x0000000089400000, 0x0000000089400000| Complete 
| 125|0x0000000089500000, 0x0000000089600000, 0x0000000089600000|100%| E|CS|TAMS 0x0000000089500000, 0x0000000089500000| Complete 
| 126|0x0000000089600000, 0x0000000089700000, 0x0000000089700000|100%| E|CS|TAMS 0x0000000089600000, 0x0000000089600000| Complete 
| 127|0x0000000089700000, 0x0000000089800000, 0x0000000089800000|100%| E|CS|TAMS 0x0000000089700000, 0x0000000089700000| Complete 

Card table byte_map: [0x000001d417a80000,0x000001d417e80000] _byte_map_base: 0x000001d417674000

Marking Bits (Prev, Next): (CMBitMap*) 0x000001d47ff2c518, (CMBitMap*) 0x000001d47ff2c550
 Prev Bits: [0x000001d418280000, 0x000001d41a220000)
 Next Bits: [0x000001d41a220000, 0x000001d41c1c0000)

Polling page: 0x000001d47de30000

Metaspace:

Usage:
  Non-class:      8.71 MB capacity,     8.61 MB ( 99%) used,    93.98 KB (  1%) free+waste,     8.06 KB ( <1%) overhead. 
      Class:    874.00 KB capacity,   835.69 KB ( 96%) used,    35.31 KB (  4%) free+waste,     3.00 KB ( <1%) overhead. 
       Both:      9.56 MB capacity,     9.42 MB ( 99%) used,   129.30 KB (  1%) free+waste,    11.06 KB ( <1%) overhead. 

Virtual space:
  Non-class space:       10.00 MB reserved,       8.75 MB ( 88%) committed 
      Class space:        1.00 GB reserved,     896.00 KB ( <1%) committed 
             Both:        1.01 GB reserved,       9.63 MB ( <1%) committed 

Chunk freelists:
   Non-Class:  44.00 KB
       Class:  22.00 KB
        Both:  66.00 KB

MaxMetaspaceSize: 17179869184.00 GB
CompressedClassSpaceSize: 1.00 GB
Initial GC threshold: 20.80 MB
Current GC threshold: 20.80 MB
CDS: off

CodeHeap 'non-profiled nmethods': size=120064Kb used=140Kb max_used=140Kb free=119923Kb
 bounds [0x000001d410140000, 0x000001d4103b0000, 0x000001d417680000]
CodeHeap 'profiled nmethods': size=120000Kb used=709Kb max_used=709Kb free=119290Kb
 bounds [0x000001d408c10000, 0x000001d408e80000, 0x000001d410140000]
CodeHeap 'non-nmethods': size=5696Kb used=1193Kb max_used=1206Kb free=4502Kb
 bounds [0x000001d408680000, 0x000001d4088f0000, 0x000001d408c10000]
 total_blobs=845 nmethods=482 adapters=284
 compilation: enabled
              stopped_count=0, restarted_count=0
 full_count=0

Compilation events (20 events):
Event: 2.272 Thread 0x000001d41e6e7000  473       3       java.util.concurrent.ConcurrentHashMap$BaseIterator::hasNext (13 bytes)
Event: 2.272 Thread 0x000001d41e6e7000 nmethod 473 0x000001d408cbdc90 code [0x000001d408cbde40, 0x000001d408cbdf98]
Event: 2.272 Thread 0x000001d41e6e7000  475       3       java.util.concurrent.ConcurrentHashMap$EntryIterator::next (51 bytes)
Event: 2.272 Thread 0x000001d41e6db800  478       4       java.lang.String::checkBoundsBeginEnd (60 bytes)
Event: 2.273 Thread 0x000001d41e6e7000 nmethod 475 0x000001d408cbe010 code [0x000001d408cbe200, 0x000001d408cbe6b8]
Event: 2.273 Thread 0x000001d41e6e7000  476   !   3       java.io.BufferedWriter::write (117 bytes)
Event: 2.274 Thread 0x000001d41e6e7000 nmethod 476 0x000001d408cbe890 code [0x000001d408cbeac0, 0x000001d408cbf1a8]
Event: 2.274 Thread 0x000001d41e6e7000  477       3       java.io.BufferedWriter::min (9 bytes)
Event: 2.274 Thread 0x000001d41e6db800 nmethod 478 0x000001d410162f10 code [0x000001d4101630a0, 0x000001d410163138]
Event: 2.274 Thread 0x000001d41e6e7000 nmethod 477 0x000001d408cbf590 code [0x000001d408cbf740, 0x000001d408cbf898]
Event: 2.274 Thread 0x000001d41e6e7000  474       3       java.util.concurrent.ConcurrentHashMap$MapEntry::<init> (20 bytes)
Event: 2.274 Thread 0x000001d41e6e7000 nmethod 474 0x000001d408cbf910 code [0x000001d408cbfac0, 0x000001d408cbfd38]
Event: 167.305 Thread 0x000001d41e6e7000  479       3       org.eclipse.jdt.launching.internal.org.objectweb.asm.SymbolTable::add (39 bytes)
Event: 167.306 Thread 0x000001d41e6e7000 nmethod 479 0x000001d408cbfe10 code [0x000001d408cbffe0, 0x000001d408cc0318]
Event: 167.306 Thread 0x000001d41e6e7000  480       3       org.eclipse.jdt.launching.internal.org.objectweb.asm.SymbolTable::addConstantUtf8 (20 bytes)
Event: 167.306 Thread 0x000001d41e6e7000 nmethod 480 0x000001d408cc0490 code [0x000001d408cc0680, 0x000001d408cc09e8]
Event: 912.059 Thread 0x000001d41e6e7000  481       3       org.eclipse.jdt.launching.internal.org.objectweb.asm.SymbolTable::hash (10 bytes)
Event: 912.060 Thread 0x000001d41e6e7000 nmethod 481 0x000001d408cc0b90 code [0x000001d408cc0d40, 0x000001d408cc0e68]
Event: 912.061 Thread 0x000001d41e6e7000  482       3       org.eclipse.jdt.launching.internal.org.objectweb.asm.ByteVector::putShort (52 bytes)
Event: 912.068 Thread 0x000001d41e6e7000 nmethod 482 0x000001d408cc0f90 code [0x000001d408cc1160, 0x000001d408cc1368]

GC Heap History (0 events):
No events

Deoptimization events (20 events):
Event: 0.775 Thread 0x000001d47feeb000 DEOPT PACKING pc=0x000001d408c8e5f8 sp=0x00000072d06fa3c0
Event: 0.775 Thread 0x000001d47feeb000 DEOPT UNPACKING pc=0x000001d4086ca95e sp=0x00000072d06f9828 mode 0
Event: 0.781 Thread 0x000001d47feeb000 DEOPT PACKING pc=0x000001d408c8e5f8 sp=0x00000072d06fa3c0
Event: 0.781 Thread 0x000001d47feeb000 DEOPT UNPACKING pc=0x000001d4086ca95e sp=0x00000072d06f9828 mode 0
Event: 0.781 Thread 0x000001d47feeb000 DEOPT PACKING pc=0x000001d408c8e5f8 sp=0x00000072d06fa3c0
Event: 0.781 Thread 0x000001d47feeb000 DEOPT UNPACKING pc=0x000001d4086ca95e sp=0x00000072d06f9828 mode 0
Event: 0.782 Thread 0x000001d47feeb000 DEOPT PACKING pc=0x000001d408c8e5f8 sp=0x00000072d06fa3c0
Event: 0.782 Thread 0x000001d47feeb000 DEOPT UNPACKING pc=0x000001d4086ca95e sp=0x00000072d06f9828 mode 0
Event: 0.783 Thread 0x000001d47feeb000 DEOPT PACKING pc=0x000001d408c8e5f8 sp=0x00000072d06fa3c0
Event: 0.783 Thread 0x000001d47feeb000 DEOPT UNPACKING pc=0x000001d4086ca95e sp=0x00000072d06f9828 mode 0
Event: 0.785 Thread 0x000001d47feeb000 DEOPT PACKING pc=0x000001d408c8e5f8 sp=0x00000072d06fa3c0
Event: 0.785 Thread 0x000001d47feeb000 DEOPT UNPACKING pc=0x000001d4086ca95e sp=0x00000072d06f9828 mode 0
Event: 0.785 Thread 0x000001d47feeb000 DEOPT PACKING pc=0x000001d408c8e5f8 sp=0x00000072d06fa3c0
Event: 0.785 Thread 0x000001d47feeb000 DEOPT UNPACKING pc=0x000001d4086ca95e sp=0x00000072d06f9828 mode 0
Event: 0.785 Thread 0x000001d47feeb000 DEOPT PACKING pc=0x000001d408c8e5f8 sp=0x00000072d06fa3c0
Event: 0.785 Thread 0x000001d47feeb000 DEOPT UNPACKING pc=0x000001d4086ca95e sp=0x00000072d06f9828 mode 0
Event: 0.785 Thread 0x000001d47feeb000 DEOPT PACKING pc=0x000001d408c8e5f8 sp=0x00000072d06fa3c0
Event: 0.785 Thread 0x000001d47feeb000 DEOPT UNPACKING pc=0x000001d4086ca95e sp=0x00000072d06f9828 mode 0
Event: 0.991 Thread 0x000001d41e6d5800 DEOPT PACKING pc=0x000001d408c67d16 sp=0x00000072d11fb1b0
Event: 0.991 Thread 0x000001d41e6d5800 DEOPT UNPACKING pc=0x000001d4086ca95e sp=0x00000072d11fa648 mode 0

Classes redefined (4 events):
Event: 167.310 Thread 0x000001d41e690000 redefined class name=com.myecommerce.client.ProductMain, count=1
Event: 912.064 Thread 0x000001d41e690000 redefined class name=com.myecommerce.service.ProductService, count=1
Event: 912.065 Thread 0x000001d41e690000 redefined class name=com.myecommerce.client.ProductMain, count=2
Event: 912.066 Thread 0x000001d41e690000 redefined class name=com.myecommerce.impl.ProductServiceImpl, count=1

Internal exceptions (0 events):
No events

Events (20 events):
Event: 168.295 Executing VM operation: GetFrameCount done
Event: 168.295 Executing VM operation: GetOwnedMonitorInfo
Event: 168.295 Executing VM operation: GetOwnedMonitorInfo done
Event: 168.295 Executing VM operation: GetCurrentContendedMonitor
Event: 168.296 Executing VM operation: GetCurrentContendedMonitor done
Event: 398.475 Executing VM operation: ChangeBreakpoints
Event: 398.475 Executing VM operation: ChangeBreakpoints done
Event: 420.160 Executing VM operation: ChangeBreakpoints
Event: 420.161 Executing VM operation: ChangeBreakpoints done
Event: 420.163 Executing VM operation: ChangeBreakpoints
Event: 420.164 Executing VM operation: ChangeBreakpoints done
Event: 912.061 Executing VM operation: RedefineClasses
Event: 912.068 Executing VM operation: RedefineClasses done
Event: 912.077 Executing VM operation: ChangeBreakpoints
Event: 912.077 Executing VM operation: ChangeBreakpoints done
Event: 912.083 Executing VM operation: ChangeBreakpoints
Event: 912.083 Executing VM operation: ChangeBreakpoints done
Event: 912.085 Executing VM operation: GetFrameCount
Event: 912.086 Executing VM operation: GetFrameCount done
Event: 912.086 Executing VM operation: GetStackTrace


Dynamic libraries:
0x00007ff6d1740000 - 0x00007ff6d174d000 	C:\Program Files\Eclipse Adoptium\jdk-11.0.15.10-hotspot\bin\javaw.exe
0x00007ffa55110000 - 0x00007ffa55305000 	C:\WINDOWS\SYSTEM32\ntdll.dll
0x00007ffa532a0000 - 0x00007ffa5335d000 	C:\WINDOWS\System32\KERNEL32.DLL
0x00007ffa52dd0000 - 0x00007ffa5309d000 	C:\WINDOWS\System32\KERNELBASE.dll
0x00007ffa4f230000 - 0x00007ffa4f2c0000 	C:\WINDOWS\SYSTEM32\apphelp.dll
0x00007ffa52a60000 - 0x00007ffa52b60000 	C:\WINDOWS\System32\ucrtbase.dll
0x00007ffa35820000 - 0x00007ffa35837000 	C:\Program Files\Eclipse Adoptium\jdk-11.0.15.10-hotspot\bin\jli.dll
0x00007ffa54640000 - 0x00007ffa547e0000 	C:\WINDOWS\System32\USER32.dll
0x00007ffa52c00000 - 0x00007ffa52c22000 	C:\WINDOWS\System32\win32u.dll
0x00007ffa531c0000 - 0x00007ffa531ea000 	C:\WINDOWS\System32\GDI32.dll
0x00007ffa52cc0000 - 0x00007ffa52dcb000 	C:\WINDOWS\System32\gdi32full.dll
0x00007ffa52b60000 - 0x00007ffa52bfd000 	C:\WINDOWS\System32\msvcp_win.dll
0x00007ffa35520000 - 0x00007ffa35535000 	C:\Program Files\Eclipse Adoptium\jdk-11.0.15.10-hotspot\bin\VCRUNTIME140.dll
0x00007ffa4a640000 - 0x00007ffa4a8da000 	C:\WINDOWS\WinSxS\amd64_microsoft.windows.common-controls_6595b64144ccf1df_6.0.19041.1110_none_60b5254171f9507e\COMCTL32.dll
0x00007ffa54d90000 - 0x00007ffa54e2e000 	C:\WINDOWS\System32\msvcrt.dll
0x00007ffa55090000 - 0x00007ffa550c0000 	C:\WINDOWS\System32\IMM32.DLL
0x00007ffa33d70000 - 0x00007ffa33e0b000 	C:\Program Files\Eclipse Adoptium\jdk-11.0.15.10-hotspot\bin\msvcp140.dll
0x00007ff9d8c70000 - 0x00007ff9d97f1000 	C:\Program Files\Eclipse Adoptium\jdk-11.0.15.10-hotspot\bin\server\jvm.dll
0x00007ffa54e30000 - 0x00007ffa54ede000 	C:\WINDOWS\System32\ADVAPI32.dll
0x00007ffa53be0000 - 0x00007ffa53c7c000 	C:\WINDOWS\System32\sechost.dll
0x00007ffa53520000 - 0x00007ffa53645000 	C:\WINDOWS\System32\RPCRT4.dll
0x00007ffa550c0000 - 0x00007ffa550c8000 	C:\WINDOWS\System32\PSAPI.DLL
0x00007ffa4b900000 - 0x00007ffa4b909000 	C:\WINDOWS\SYSTEM32\WSOCK32.dll
0x00007ffa545d0000 - 0x00007ffa5463b000 	C:\WINDOWS\System32\WS2_32.dll
0x00007ffa441d0000 - 0x00007ffa441f7000 	C:\WINDOWS\SYSTEM32\WINMM.dll
0x00007ffa4c3d0000 - 0x00007ffa4c3da000 	C:\WINDOWS\SYSTEM32\VERSION.dll
0x00007ffa51490000 - 0x00007ffa514a2000 	C:\WINDOWS\SYSTEM32\kernel.appcore.dll
0x00007ffa4b4c0000 - 0x00007ffa4b4d0000 	C:\Program Files\Eclipse Adoptium\jdk-11.0.15.10-hotspot\bin\verify.dll
0x00007ffa51090000 - 0x00007ffa51274000 	C:\WINDOWS\SYSTEM32\DBGHELP.DLL
0x00007ffa4aa80000 - 0x00007ffa4aaac000 	C:\WINDOWS\SYSTEM32\dbgcore.DLL
0x00007ffa52c30000 - 0x00007ffa52cb2000 	C:\WINDOWS\System32\bcryptPrimitives.dll
0x00007ffa35360000 - 0x00007ffa35388000 	C:\Program Files\Eclipse Adoptium\jdk-11.0.15.10-hotspot\bin\java.dll
0x00007ffa43aa0000 - 0x00007ffa43aaa000 	C:\Program Files\Eclipse Adoptium\jdk-11.0.15.10-hotspot\bin\jimage.dll
0x00007ffa33cc0000 - 0x00007ffa33cf8000 	C:\Program Files\Eclipse Adoptium\jdk-11.0.15.10-hotspot\bin\jdwp.dll
0x00007ffa439d0000 - 0x00007ffa439de000 	C:\Program Files\Eclipse Adoptium\jdk-11.0.15.10-hotspot\bin\instrument.dll
0x00007ffa35310000 - 0x00007ffa35328000 	C:\Program Files\Eclipse Adoptium\jdk-11.0.15.10-hotspot\bin\zip.dll
0x00007ffa53e80000 - 0x00007ffa545c4000 	C:\WINDOWS\System32\SHELL32.dll
0x00007ffa50550000 - 0x00007ffa50ce4000 	C:\WINDOWS\SYSTEM32\windows.storage.dll
0x00007ffa537b0000 - 0x00007ffa53b04000 	C:\WINDOWS\System32\combase.dll
0x00007ffa52280000 - 0x00007ffa522ac000 	C:\WINDOWS\SYSTEM32\Wldp.dll
0x00007ffa53d40000 - 0x00007ffa53ded000 	C:\WINDOWS\System32\SHCORE.dll
0x00007ffa53360000 - 0x00007ffa533b5000 	C:\WINDOWS\System32\shlwapi.dll
0x00007ffa52760000 - 0x00007ffa5277f000 	C:\WINDOWS\SYSTEM32\profapi.dll
0x00007ffa3d310000 - 0x00007ffa3d31a000 	C:\Program Files\Eclipse Adoptium\jdk-11.0.15.10-hotspot\bin\dt_socket.dll
0x00007ffa51fe0000 - 0x00007ffa5204a000 	C:\WINDOWS\System32\mswsock.dll
0x00007ffa51d10000 - 0x00007ffa51ddb000 	C:\WINDOWS\SYSTEM32\DNSAPI.dll
0x00007ffa51c80000 - 0x00007ffa51cbb000 	C:\WINDOWS\SYSTEM32\IPHLPAPI.DLL
0x00007ffa533e0000 - 0x00007ffa533e8000 	C:\WINDOWS\System32\NSI.dll
0x00007ffa4a8e0000 - 0x00007ffa4a960000 	C:\WINDOWS\System32\fwpuclnt.dll
0x00007ffa528d0000 - 0x00007ffa528f7000 	C:\WINDOWS\System32\bcrypt.dll
0x00007ffa494f0000 - 0x00007ffa494fa000 	C:\Windows\System32\rasadhlp.dll
0x00007ffa35010000 - 0x00007ffa35029000 	C:\Program Files\Eclipse Adoptium\jdk-11.0.15.10-hotspot\bin\net.dll
0x00007ffa4a960000 - 0x00007ffa4aa6a000 	C:\WINDOWS\SYSTEM32\WINHTTP.dll
0x00007ffa34930000 - 0x00007ffa34943000 	C:\Program Files\Eclipse Adoptium\jdk-11.0.15.10-hotspot\bin\nio.dll

dbghelp: loaded successfully - version: 4.0.5 - missing functions: none
symbol engine: initialized successfully - sym options: 0x614 - pdb path: .;C:\Program Files\Eclipse Adoptium\jdk-11.0.15.10-hotspot\bin;C:\WINDOWS\SYSTEM32;C:\WINDOWS\WinSxS\amd64_microsoft.windows.common-controls_6595b64144ccf1df_6.0.19041.1110_none_60b5254171f9507e;C:\Program Files\Eclipse Adoptium\jdk-11.0.15.10-hotspot\bin\server

VM Arguments:
jvm_args: -agentlib:jdwp=transport=dt_socket,suspend=y,address=localhost:57210 -javaagent:C:\Users\BASAVARAJ\Downloads\sts-4.14.1.RELEASE\configuration\org.eclipse.osgi\265\0\.cp\lib\javaagent-shaded.jar -Dfile.encoding=Cp1252 
java_command: com.myecommerce.client.ProductMain
java_class_path (initial): C:\Users\BASAVARAJ\Documents\workspace-spring-tool-suite-4-4.14.1.RELEASE\myecommerce\bin
Launcher Type: SUN_STANDARD

[Global flags]
     intx CICompilerCount                          = 3                                         {product} {ergonomic}
     uint ConcGCThreads                            = 1                                         {product} {ergonomic}
     uint G1ConcRefinementThreads                  = 4                                         {product} {ergonomic}
   size_t G1HeapRegionSize                         = 1048576                                   {product} {ergonomic}
    uintx GCDrainStackTargetSize                   = 64                                        {product} {ergonomic}
   size_t InitialHeapSize                          = 134217728                                 {product} {ergonomic}
   size_t MarkStackSize                            = 4194304                                   {product} {ergonomic}
   size_t MaxHeapSize                              = 2122317824                                {product} {ergonomic}
   size_t MaxNewSize                               = 1272971264                                {product} {ergonomic}
   size_t MinHeapDeltaBytes                        = 1048576                                   {product} {ergonomic}
    uintx NonNMethodCodeHeapSize                   = 5830732                                {pd product} {ergonomic}
    uintx NonProfiledCodeHeapSize                  = 122913754                              {pd product} {ergonomic}
    uintx ProfiledCodeHeapSize                     = 122913754                              {pd product} {ergonomic}
    uintx ReservedCodeCacheSize                    = 251658240                              {pd product} {ergonomic}
     bool SegmentedCodeCache                       = true                                      {product} {ergonomic}
     bool UseCompressedClassPointers               = true                                 {lp64_product} {ergonomic}
     bool UseCompressedOops                        = true                                 {lp64_product} {ergonomic}
     bool UseG1GC                                  = true                                      {product} {ergonomic}
     bool UseLargePagesIndividualAllocation        = false                                  {pd product} {ergonomic}

Logging:
Log output configuration:
 #0: stdout all=warning uptime,level,tags
 #1: stderr all=off uptime,level,tags

Environment Variables:
JAVA_HOME=C:\Program Files\Java\jdk-16.0.2
PATH=C:/Users/BASAVARAJ/Downloads/sts-4.14.1.RELEASE//plugins/org.eclipse.justj.openjdk.hotspot.jre.full.win32.x86_64_17.0.2.v20220201-1208/jre/bin/server;C:/Users/BASAVARAJ/Downloads/sts-4.14.1.RELEASE//plugins/org.eclipse.justj.openjdk.hotspot.jre.full.win32.x86_64_17.0.2.v20220201-1208/jre/bin;C:\Program Files\Eclipse Adoptium\jdk-11.0.15.10-hotspot\bin;C:\Program Files\Common Files\Oracle\Java\javapath;C:\Program Files (x86)\Common Files\Oracle\Java\javapath;C:\app\BASAVARAJ\product\11.2.0\dbhome_1\bin;C:\Windows\system32;C:\Windows;C:\Windows\System32\Wbem;C:\Windows\System32\WindowsPowerShell\v1.0\;C:\Program Files (x86)\NVIDIA Corporation\PhysX\Common;C:\Program Files\Intel\WiFi\bin\;C:\Program Files\Common Files\Intel\WirelessCommon\;C:\WINDOWS\system32;C:\WINDOWS;C:\WINDOWS\System32\Wbem;C:\WINDOWS\System32\WindowsPowerShell\v1.0\;C:\WINDOWS\System32\OpenSSH\;C:\Program Files (x86)\Intel\Intel(R) Management Engine Components\DAL;C:\Program Files\Intel\Intel(R) Management Engine Components\DAL;C:\Program Files\Microsoft SQL Server\120\Tools\Binn\;C:\Program Files\Common Files\Autodesk Shared\;C:\Program Files\Java\jdk1.8.0_261;C:\Program Files\Java\jre1.8.0_261;C:\Program Files\dotnet\;C:\Program Files\Java\jdk-16.0.2\bin;B:\sts code\apache-maven-3.8.5-bin\apache-maven-3.8.5\bin;C:\Program Files\MySQL\MySQL Shell 8.0\bin\;C:\Users\BASAVARAJ\AppData\Local\Microsoft\WindowsApps;C:\Program Files\Java\jdk-16.0.2\ bin;B:\sts code\apache-maven-3.8.5-bin\apache-maven-3.8.5\bin;;C:\Users\BASAVARAJ\Downloads\sts-4.14.1.RELEASE;
USERNAME=BASAVARAJ
OS=Windows_NT
PROCESSOR_IDENTIFIER=Intel64 Family 6 Model 142 Stepping 9, GenuineIntel



---------------  S Y S T E M  ---------------

OS: Windows 10 , 64 bit Build 19041 (10.0.19041.1706)
OS uptime: 6 days 14:01 hours

CPU:total 4 (initial active 4) (2 cores per cpu, 2 threads per core) family 6 model 142 stepping 9 microcode 0xde, cmov, cx8, fxsr, mmx, sse, sse2, sse3, ssse3, sse4.1, sse4.2, popcnt, avx, avx2, aes, clmul, erms, 3dnowpref, lzcnt, ht, tsc, tscinvbit, bmi1, bmi2, adx, fma

Memory: 4k page, system-wide physical 8090M (2581M free)
TotalPageFile size 17707M (AvailPageFile size 5049M)
current process WorkingSet (physical memory assigned to process): 48M, peak: 49M
current process commit charge ("private bytes"): 203M, peak: 204M

vm_info: OpenJDK 64-Bit Server VM (11.0.15+10) for windows-amd64 JRE (11.0.15+10), built on Apr 19 2022 22:29:44 by "" with unknown MS VC++:1916

END.
